<?xml version="1.0" encoding="UTF-8"?>
<testsuite xmlns:xsi="http://www.w3.org/2001/XMLSchema-instance" xsi:noNamespaceSchemaLocation="https://maven.apache.org/surefire/maven-surefire-plugin/xsd/surefire-test-report.xsd" version="3.0.2" name="cz.uhk.kpro2.service.UserServiceImplTest" time="3.552" tests="15" errors="0" skipped="0" failures="0">
  <properties>
[...]
</properties>
  <testcase name="testSaveNewUser_defaultRole" classname="cz.uhk.kpro2.service.UserServiceImplTest" time="0.328">
    <system-out><![CDATA[2025-05-25T15:11:21.612+02:00  INFO 14164 --- [BasketballManager] [           main] t.c.s.AnnotationConfigContextLoaderUtils : Could not detect default configuration classes for test class [cz.uhk.kpro2.service.UserServiceImplTest]: UserServiceImplTest does not declare any static, non-private, non-final, nested classes annotated with @Configuration.
2025-05-25T15:11:21.639+02:00  INFO 14164 --- [BasketballManager] [           main] .b.t.c.SpringBootTestContextBootstrapper : Found @SpringBootConfiguration cz.uhk.kpro2.Kpro2Application for test class cz.uhk.kpro2.service.UserServiceImplTest
2025-05-25T15:11:21.659+02:00 DEBUG 14164 --- [BasketballManager] [           main] org.hibernate.SQL                        : 
    select
        u1_0.id,
        u1_0.password,
        u1_0.roles,
        u1_0.username 
    from
        users u1_0 
    where
        u1_0.username=?
Hibernate: 
    select
        u1_0.id,
        u1_0.password,
        u1_0.roles,
        u1_0.username 
    from
        users u1_0 
    where
        u1_0.username=?
2025-05-25T15:11:21.661+02:00 DEBUG 14164 --- [BasketballManager] [           main] org.hibernate.SQL                        : 
    select
        u1_0.id,
        u1_0.password,
        u1_0.roles,
        u1_0.username 
    from
        users u1_0 
    where
        u1_0.username=?
Hibernate: 
    select
        u1_0.id,
        u1_0.password,
        u1_0.roles,
        u1_0.username 
    from
        users u1_0 
    where
        u1_0.username=?
2025-05-25T15:11:21.664+02:00 DEBUG 14164 --- [BasketballManager] [           main] org.hibernate.SQL                        : 
    select
        u1_0.id,
        u1_0.password,
        u1_0.roles,
        u1_0.username 
    from
        users u1_0 
    where
        u1_0.username=?
Hibernate: 
    select
        u1_0.id,
        u1_0.password,
        u1_0.roles,
        u1_0.username 
    from
        users u1_0 
    where
        u1_0.username=?
2025-05-25T15:11:21.770+02:00 DEBUG 14164 --- [BasketballManager] [           main] org.hibernate.SQL                        : 
    insert 
    into
        users
        (password, roles, username, id) 
    values
        (?, ?, ?, default)
Hibernate: 
    insert 
    into
        users
        (password, roles, username, id) 
    values
        (?, ?, ?, default)
2025-05-25T15:11:21.835+02:00 DEBUG 14164 --- [BasketballManager] [           main] org.hibernate.SQL                        : 
    insert 
    into
        users
        (password, roles, username, id) 
    values
        (?, ?, ?, default)
Hibernate: 
    insert 
    into
        users
        (password, roles, username, id) 
    values
        (?, ?, ?, default)
2025-05-25T15:11:21.901+02:00 DEBUG 14164 --- [BasketballManager] [           main] org.hibernate.SQL                        : 
    insert 
    into
        users
        (password, roles, username, id) 
    values
        (?, ?, ?, default)
Hibernate: 
    insert 
    into
        users
        (password, roles, username, id) 
    values
        (?, ?, ?, default)
2025-05-25T15:11:21.966+02:00 DEBUG 14164 --- [BasketballManager] [           main] org.hibernate.SQL                        : 
    insert 
    into
        users
        (password, roles, username, id) 
    values
        (?, ?, ?, default)
Hibernate: 
    insert 
    into
        users
        (password, roles, username, id) 
    values
        (?, ?, ?, default)
]]></system-out>
  </testcase>
  <testcase name="testUserCreationAndRetrieval" classname="cz.uhk.kpro2.service.UserServiceImplTest" time="0.335">
    <system-out><![CDATA[2025-05-25T15:11:21.978+02:00 DEBUG 14164 --- [BasketballManager] [           main] org.hibernate.SQL                        : 
    select
        u1_0.id,
        u1_0.password,
        u1_0.roles,
        u1_0.username 
    from
        users u1_0 
    where
        u1_0.username=?
Hibernate: 
    select
        u1_0.id,
        u1_0.password,
        u1_0.roles,
        u1_0.username 
    from
        users u1_0 
    where
        u1_0.username=?
2025-05-25T15:11:21.980+02:00 DEBUG 14164 --- [BasketballManager] [           main] org.hibernate.SQL                        : 
    select
        u1_0.id,
        u1_0.password,
        u1_0.roles,
        u1_0.username 
    from
        users u1_0 
    where
        u1_0.username=?
Hibernate: 
    select
        u1_0.id,
        u1_0.password,
        u1_0.roles,
        u1_0.username 
    from
        users u1_0 
    where
        u1_0.username=?
2025-05-25T15:11:21.982+02:00 DEBUG 14164 --- [BasketballManager] [           main] org.hibernate.SQL                        : 
    select
        u1_0.id,
        u1_0.password,
        u1_0.roles,
        u1_0.username 
    from
        users u1_0 
    where
        u1_0.username=?
Hibernate: 
    select
        u1_0.id,
        u1_0.password,
        u1_0.roles,
        u1_0.username 
    from
        users u1_0 
    where
        u1_0.username=?
2025-05-25T15:11:22.046+02:00 DEBUG 14164 --- [BasketballManager] [           main] org.hibernate.SQL                        : 
    insert 
    into
        users
        (password, roles, username, id) 
    values
        (?, ?, ?, default)
Hibernate: 
    insert 
    into
        users
        (password, roles, username, id) 
    values
        (?, ?, ?, default)
2025-05-25T15:11:22.112+02:00 DEBUG 14164 --- [BasketballManager] [           main] org.hibernate.SQL                        : 
    insert 
    into
        users
        (password, roles, username, id) 
    values
        (?, ?, ?, default)
Hibernate: 
    insert 
    into
        users
        (password, roles, username, id) 
    values
        (?, ?, ?, default)
2025-05-25T15:11:22.176+02:00 DEBUG 14164 --- [BasketballManager] [           main] org.hibernate.SQL                        : 
    insert 
    into
        users
        (password, roles, username, id) 
    values
        (?, ?, ?, default)
Hibernate: 
    insert 
    into
        users
        (password, roles, username, id) 
    values
        (?, ?, ?, default)
2025-05-25T15:11:22.240+02:00 DEBUG 14164 --- [BasketballManager] [           main] org.hibernate.SQL                        : 
    insert 
    into
        users
        (password, roles, username, id) 
    values
        (?, ?, ?, default)
Hibernate: 
    insert 
    into
        users
        (password, roles, username, id) 
    values
        (?, ?, ?, default)
2025-05-25T15:11:22.305+02:00 DEBUG 14164 --- [BasketballManager] [           main] org.hibernate.SQL                        : 
    select
        u1_0.id,
        u1_0.password,
        u1_0.roles,
        u1_0.username 
    from
        users u1_0 
    where
        u1_0.username=?
Hibernate: 
    select
        u1_0.id,
        u1_0.password,
        u1_0.roles,
        u1_0.username 
    from
        users u1_0 
    where
        u1_0.username=?
]]></system-out>
  </testcase>
  <testcase name="testDeleteUser_nonExistingUser" classname="cz.uhk.kpro2.service.UserServiceImplTest" time="0.211">
    <system-out><![CDATA[2025-05-25T15:11:22.316+02:00 DEBUG 14164 --- [BasketballManager] [           main] org.hibernate.SQL                        : 
    select
        u1_0.id,
        u1_0.password,
        u1_0.roles,
        u1_0.username 
    from
        users u1_0 
    where
        u1_0.username=?
Hibernate: 
    select
        u1_0.id,
        u1_0.password,
        u1_0.roles,
        u1_0.username 
    from
        users u1_0 
    where
        u1_0.username=?
2025-05-25T15:11:22.318+02:00 DEBUG 14164 --- [BasketballManager] [           main] org.hibernate.SQL                        : 
    select
        u1_0.id,
        u1_0.password,
        u1_0.roles,
        u1_0.username 
    from
        users u1_0 
    where
        u1_0.username=?
Hibernate: 
    select
        u1_0.id,
        u1_0.password,
        u1_0.roles,
        u1_0.username 
    from
        users u1_0 
    where
        u1_0.username=?
2025-05-25T15:11:22.320+02:00 DEBUG 14164 --- [BasketballManager] [           main] org.hibernate.SQL                        : 
    select
        u1_0.id,
        u1_0.password,
        u1_0.roles,
        u1_0.username 
    from
        users u1_0 
    where
        u1_0.username=?
Hibernate: 
    select
        u1_0.id,
        u1_0.password,
        u1_0.roles,
        u1_0.username 
    from
        users u1_0 
    where
        u1_0.username=?
2025-05-25T15:11:22.382+02:00 DEBUG 14164 --- [BasketballManager] [           main] org.hibernate.SQL                        : 
    insert 
    into
        users
        (password, roles, username, id) 
    values
        (?, ?, ?, default)
Hibernate: 
    insert 
    into
        users
        (password, roles, username, id) 
    values
        (?, ?, ?, default)
2025-05-25T15:11:22.444+02:00 DEBUG 14164 --- [BasketballManager] [           main] org.hibernate.SQL                        : 
    insert 
    into
        users
        (password, roles, username, id) 
    values
        (?, ?, ?, default)
Hibernate: 
    insert 
    into
        users
        (password, roles, username, id) 
    values
        (?, ?, ?, default)
2025-05-25T15:11:22.506+02:00 DEBUG 14164 --- [BasketballManager] [           main] org.hibernate.SQL                        : 
    insert 
    into
        users
        (password, roles, username, id) 
    values
        (?, ?, ?, default)
Hibernate: 
    insert 
    into
        users
        (password, roles, username, id) 
    values
        (?, ?, ?, default)
2025-05-25T15:11:22.518+02:00 DEBUG 14164 --- [BasketballManager] [           main] org.hibernate.SQL                        : 
    select
        u1_0.id,
        u1_0.password,
        u1_0.roles,
        u1_0.username 
    from
        users u1_0 
    where
        u1_0.id=?
Hibernate: 
    select
        u1_0.id,
        u1_0.password,
        u1_0.roles,
        u1_0.username 
    from
        users u1_0 
    where
        u1_0.id=?
2025-05-25T15:11:22.520+02:00 DEBUG 14164 --- [BasketballManager] [           main] org.hibernate.SQL                        : 
    select
        u1_0.id,
        u1_0.password,
        u1_0.roles,
        u1_0.username 
    from
        users u1_0 
    where
        u1_0.id=?
Hibernate: 
    select
        u1_0.id,
        u1_0.password,
        u1_0.roles,
        u1_0.username 
    from
        users u1_0 
    where
        u1_0.id=?
]]></system-out>
  </testcase>
  <testcase name="testSaveNewUser_nullPassword_throwsException" classname="cz.uhk.kpro2.service.UserServiceImplTest" time="0.203">
    <system-out><![CDATA[2025-05-25T15:11:22.527+02:00 DEBUG 14164 --- [BasketballManager] [           main] org.hibernate.SQL                        : 
    select
        u1_0.id,
        u1_0.password,
        u1_0.roles,
        u1_0.username 
    from
        users u1_0 
    where
        u1_0.username=?
Hibernate: 
    select
        u1_0.id,
        u1_0.password,
        u1_0.roles,
        u1_0.username 
    from
        users u1_0 
    where
        u1_0.username=?
2025-05-25T15:11:22.529+02:00 DEBUG 14164 --- [BasketballManager] [           main] org.hibernate.SQL                        : 
    select
        u1_0.id,
        u1_0.password,
        u1_0.roles,
        u1_0.username 
    from
        users u1_0 
    where
        u1_0.username=?
Hibernate: 
    select
        u1_0.id,
        u1_0.password,
        u1_0.roles,
        u1_0.username 
    from
        users u1_0 
    where
        u1_0.username=?
2025-05-25T15:11:22.530+02:00 DEBUG 14164 --- [BasketballManager] [           main] org.hibernate.SQL                        : 
    select
        u1_0.id,
        u1_0.password,
        u1_0.roles,
        u1_0.username 
    from
        users u1_0 
    where
        u1_0.username=?
Hibernate: 
    select
        u1_0.id,
        u1_0.password,
        u1_0.roles,
        u1_0.username 
    from
        users u1_0 
    where
        u1_0.username=?
2025-05-25T15:11:22.593+02:00 DEBUG 14164 --- [BasketballManager] [           main] org.hibernate.SQL                        : 
    insert 
    into
        users
        (password, roles, username, id) 
    values
        (?, ?, ?, default)
Hibernate: 
    insert 
    into
        users
        (password, roles, username, id) 
    values
        (?, ?, ?, default)
2025-05-25T15:11:22.656+02:00 DEBUG 14164 --- [BasketballManager] [           main] org.hibernate.SQL                        : 
    insert 
    into
        users
        (password, roles, username, id) 
    values
        (?, ?, ?, default)
Hibernate: 
    insert 
    into
        users
        (password, roles, username, id) 
    values
        (?, ?, ?, default)
2025-05-25T15:11:22.722+02:00 DEBUG 14164 --- [BasketballManager] [           main] org.hibernate.SQL                        : 
    insert 
    into
        users
        (password, roles, username, id) 
    values
        (?, ?, ?, default)
Hibernate: 
    insert 
    into
        users
        (password, roles, username, id) 
    values
        (?, ?, ?, default)
]]></system-out>
  </testcase>
  <testcase name="testUsernameUniqueness" classname="cz.uhk.kpro2.service.UserServiceImplTest" time="0.215">
    <system-out><![CDATA[2025-05-25T15:11:22.732+02:00 DEBUG 14164 --- [BasketballManager] [           main] org.hibernate.SQL                        : 
    select
        u1_0.id,
        u1_0.password,
        u1_0.roles,
        u1_0.username 
    from
        users u1_0 
    where
        u1_0.username=?
Hibernate: 
    select
        u1_0.id,
        u1_0.password,
        u1_0.roles,
        u1_0.username 
    from
        users u1_0 
    where
        u1_0.username=?
2025-05-25T15:11:22.734+02:00 DEBUG 14164 --- [BasketballManager] [           main] org.hibernate.SQL                        : 
    select
        u1_0.id,
        u1_0.password,
        u1_0.roles,
        u1_0.username 
    from
        users u1_0 
    where
        u1_0.username=?
Hibernate: 
    select
        u1_0.id,
        u1_0.password,
        u1_0.roles,
        u1_0.username 
    from
        users u1_0 
    where
        u1_0.username=?
2025-05-25T15:11:22.735+02:00 DEBUG 14164 --- [BasketballManager] [           main] org.hibernate.SQL                        : 
    select
        u1_0.id,
        u1_0.password,
        u1_0.roles,
        u1_0.username 
    from
        users u1_0 
    where
        u1_0.username=?
Hibernate: 
    select
        u1_0.id,
        u1_0.password,
        u1_0.roles,
        u1_0.username 
    from
        users u1_0 
    where
        u1_0.username=?
2025-05-25T15:11:22.802+02:00 DEBUG 14164 --- [BasketballManager] [           main] org.hibernate.SQL                        : 
    insert 
    into
        users
        (password, roles, username, id) 
    values
        (?, ?, ?, default)
Hibernate: 
    insert 
    into
        users
        (password, roles, username, id) 
    values
        (?, ?, ?, default)
2025-05-25T15:11:22.866+02:00 DEBUG 14164 --- [BasketballManager] [           main] org.hibernate.SQL                        : 
    insert 
    into
        users
        (password, roles, username, id) 
    values
        (?, ?, ?, default)
Hibernate: 
    insert 
    into
        users
        (password, roles, username, id) 
    values
        (?, ?, ?, default)
2025-05-25T15:11:22.930+02:00 DEBUG 14164 --- [BasketballManager] [           main] org.hibernate.SQL                        : 
    insert 
    into
        users
        (password, roles, username, id) 
    values
        (?, ?, ?, default)
Hibernate: 
    insert 
    into
        users
        (password, roles, username, id) 
    values
        (?, ?, ?, default)
2025-05-25T15:11:22.935+02:00 DEBUG 14164 --- [BasketballManager] [           main] org.hibernate.SQL                        : 
    select
        u1_0.id,
        u1_0.password,
        u1_0.roles,
        u1_0.username 
    from
        users u1_0 
    where
        u1_0.username=?
Hibernate: 
    select
        u1_0.id,
        u1_0.password,
        u1_0.roles,
        u1_0.username 
    from
        users u1_0 
    where
        u1_0.username=?
2025-05-25T15:11:22.936+02:00 DEBUG 14164 --- [BasketballManager] [           main] org.hibernate.SQL                        : 
    select
        u1_0.id,
        u1_0.password,
        u1_0.roles,
        u1_0.username 
    from
        users u1_0 
    where
        u1_0.username=?
Hibernate: 
    select
        u1_0.id,
        u1_0.password,
        u1_0.roles,
        u1_0.username 
    from
        users u1_0 
    where
        u1_0.username=?
2025-05-25T15:11:22.938+02:00 DEBUG 14164 --- [BasketballManager] [           main] org.hibernate.SQL                        : 
    select
        u1_0.id,
        u1_0.password,
        u1_0.roles,
        u1_0.username 
    from
        users u1_0 
    where
        u1_0.username=?
Hibernate: 
    select
        u1_0.id,
        u1_0.password,
        u1_0.roles,
        u1_0.username 
    from
        users u1_0 
    where
        u1_0.username=?
]]></system-out>
  </testcase>
  <testcase name="testSaveExistingUser_updateNonExisting_throwsException" classname="cz.uhk.kpro2.service.UserServiceImplTest" time="0.207">
    <system-out><![CDATA[2025-05-25T15:11:22.948+02:00 DEBUG 14164 --- [BasketballManager] [           main] org.hibernate.SQL                        : 
    select
        u1_0.id,
        u1_0.password,
        u1_0.roles,
        u1_0.username 
    from
        users u1_0 
    where
        u1_0.username=?
Hibernate: 
    select
        u1_0.id,
        u1_0.password,
        u1_0.roles,
        u1_0.username 
    from
        users u1_0 
    where
        u1_0.username=?
2025-05-25T15:11:22.951+02:00 DEBUG 14164 --- [BasketballManager] [           main] org.hibernate.SQL                        : 
    select
        u1_0.id,
        u1_0.password,
        u1_0.roles,
        u1_0.username 
    from
        users u1_0 
    where
        u1_0.username=?
Hibernate: 
    select
        u1_0.id,
        u1_0.password,
        u1_0.roles,
        u1_0.username 
    from
        users u1_0 
    where
        u1_0.username=?
2025-05-25T15:11:22.952+02:00 DEBUG 14164 --- [BasketballManager] [           main] org.hibernate.SQL                        : 
    select
        u1_0.id,
        u1_0.password,
        u1_0.roles,
        u1_0.username 
    from
        users u1_0 
    where
        u1_0.username=?
Hibernate: 
    select
        u1_0.id,
        u1_0.password,
        u1_0.roles,
        u1_0.username 
    from
        users u1_0 
    where
        u1_0.username=?
2025-05-25T15:11:23.017+02:00 DEBUG 14164 --- [BasketballManager] [           main] org.hibernate.SQL                        : 
    insert 
    into
        users
        (password, roles, username, id) 
    values
        (?, ?, ?, default)
Hibernate: 
    insert 
    into
        users
        (password, roles, username, id) 
    values
        (?, ?, ?, default)
2025-05-25T15:11:23.082+02:00 DEBUG 14164 --- [BasketballManager] [           main] org.hibernate.SQL                        : 
    insert 
    into
        users
        (password, roles, username, id) 
    values
        (?, ?, ?, default)
Hibernate: 
    insert 
    into
        users
        (password, roles, username, id) 
    values
        (?, ?, ?, default)
2025-05-25T15:11:23.146+02:00 DEBUG 14164 --- [BasketballManager] [           main] org.hibernate.SQL                        : 
    insert 
    into
        users
        (password, roles, username, id) 
    values
        (?, ?, ?, default)
Hibernate: 
    insert 
    into
        users
        (password, roles, username, id) 
    values
        (?, ?, ?, default)
2025-05-25T15:11:23.148+02:00 DEBUG 14164 --- [BasketballManager] [           main] org.hibernate.SQL                        : 
    select
        u1_0.id,
        u1_0.password,
        u1_0.roles,
        u1_0.username 
    from
        users u1_0 
    where
        u1_0.id=?
Hibernate: 
    select
        u1_0.id,
        u1_0.password,
        u1_0.roles,
        u1_0.username 
    from
        users u1_0 
    where
        u1_0.id=?
]]></system-out>
  </testcase>
  <testcase name="testGetAllUsers" classname="cz.uhk.kpro2.service.UserServiceImplTest" time="0.27">
    <system-out><![CDATA[2025-05-25T15:11:23.157+02:00 DEBUG 14164 --- [BasketballManager] [           main] org.hibernate.SQL                        : 
    select
        u1_0.id,
        u1_0.password,
        u1_0.roles,
        u1_0.username 
    from
        users u1_0 
    where
        u1_0.username=?
Hibernate: 
    select
        u1_0.id,
        u1_0.password,
        u1_0.roles,
        u1_0.username 
    from
        users u1_0 
    where
        u1_0.username=?
2025-05-25T15:11:23.159+02:00 DEBUG 14164 --- [BasketballManager] [           main] org.hibernate.SQL                        : 
    select
        u1_0.id,
        u1_0.password,
        u1_0.roles,
        u1_0.username 
    from
        users u1_0 
    where
        u1_0.username=?
Hibernate: 
    select
        u1_0.id,
        u1_0.password,
        u1_0.roles,
        u1_0.username 
    from
        users u1_0 
    where
        u1_0.username=?
2025-05-25T15:11:23.161+02:00 DEBUG 14164 --- [BasketballManager] [           main] org.hibernate.SQL                        : 
    select
        u1_0.id,
        u1_0.password,
        u1_0.roles,
        u1_0.username 
    from
        users u1_0 
    where
        u1_0.username=?
Hibernate: 
    select
        u1_0.id,
        u1_0.password,
        u1_0.roles,
        u1_0.username 
    from
        users u1_0 
    where
        u1_0.username=?
2025-05-25T15:11:23.224+02:00 DEBUG 14164 --- [BasketballManager] [           main] org.hibernate.SQL                        : 
    insert 
    into
        users
        (password, roles, username, id) 
    values
        (?, ?, ?, default)
Hibernate: 
    insert 
    into
        users
        (password, roles, username, id) 
    values
        (?, ?, ?, default)
2025-05-25T15:11:23.288+02:00 DEBUG 14164 --- [BasketballManager] [           main] org.hibernate.SQL                        : 
    insert 
    into
        users
        (password, roles, username, id) 
    values
        (?, ?, ?, default)
Hibernate: 
    insert 
    into
        users
        (password, roles, username, id) 
    values
        (?, ?, ?, default)
2025-05-25T15:11:23.350+02:00 DEBUG 14164 --- [BasketballManager] [           main] org.hibernate.SQL                        : 
    insert 
    into
        users
        (password, roles, username, id) 
    values
        (?, ?, ?, default)
Hibernate: 
    insert 
    into
        users
        (password, roles, username, id) 
    values
        (?, ?, ?, default)
2025-05-25T15:11:23.413+02:00 DEBUG 14164 --- [BasketballManager] [           main] org.hibernate.SQL                        : 
    insert 
    into
        users
        (password, roles, username, id) 
    values
        (?, ?, ?, default)
Hibernate: 
    insert 
    into
        users
        (password, roles, username, id) 
    values
        (?, ?, ?, default)
2025-05-25T15:11:23.416+02:00 DEBUG 14164 --- [BasketballManager] [           main] org.hibernate.SQL                        : 
    select
        u1_0.id,
        u1_0.password,
        u1_0.roles,
        u1_0.username 
    from
        users u1_0
Hibernate: 
    select
        u1_0.id,
        u1_0.password,
        u1_0.roles,
        u1_0.username 
    from
        users u1_0
]]></system-out>
  </testcase>
  <testcase name="testGetUser_existing" classname="cz.uhk.kpro2.service.UserServiceImplTest" time="0.205">
    <system-out><![CDATA[2025-05-25T15:11:23.428+02:00 DEBUG 14164 --- [BasketballManager] [           main] org.hibernate.SQL                        : 
    select
        u1_0.id,
        u1_0.password,
        u1_0.roles,
        u1_0.username 
    from
        users u1_0 
    where
        u1_0.username=?
Hibernate: 
    select
        u1_0.id,
        u1_0.password,
        u1_0.roles,
        u1_0.username 
    from
        users u1_0 
    where
        u1_0.username=?
2025-05-25T15:11:23.429+02:00 DEBUG 14164 --- [BasketballManager] [           main] org.hibernate.SQL                        : 
    select
        u1_0.id,
        u1_0.password,
        u1_0.roles,
        u1_0.username 
    from
        users u1_0 
    where
        u1_0.username=?
Hibernate: 
    select
        u1_0.id,
        u1_0.password,
        u1_0.roles,
        u1_0.username 
    from
        users u1_0 
    where
        u1_0.username=?
2025-05-25T15:11:23.431+02:00 DEBUG 14164 --- [BasketballManager] [           main] org.hibernate.SQL                        : 
    select
        u1_0.id,
        u1_0.password,
        u1_0.roles,
        u1_0.username 
    from
        users u1_0 
    where
        u1_0.username=?
Hibernate: 
    select
        u1_0.id,
        u1_0.password,
        u1_0.roles,
        u1_0.username 
    from
        users u1_0 
    where
        u1_0.username=?
2025-05-25T15:11:23.499+02:00 DEBUG 14164 --- [BasketballManager] [           main] org.hibernate.SQL                        : 
    insert 
    into
        users
        (password, roles, username, id) 
    values
        (?, ?, ?, default)
Hibernate: 
    insert 
    into
        users
        (password, roles, username, id) 
    values
        (?, ?, ?, default)
2025-05-25T15:11:23.563+02:00 DEBUG 14164 --- [BasketballManager] [           main] org.hibernate.SQL                        : 
    insert 
    into
        users
        (password, roles, username, id) 
    values
        (?, ?, ?, default)
Hibernate: 
    insert 
    into
        users
        (password, roles, username, id) 
    values
        (?, ?, ?, default)
2025-05-25T15:11:23.625+02:00 DEBUG 14164 --- [BasketballManager] [           main] org.hibernate.SQL                        : 
    insert 
    into
        users
        (password, roles, username, id) 
    values
        (?, ?, ?, default)
Hibernate: 
    insert 
    into
        users
        (password, roles, username, id) 
    values
        (?, ?, ?, default)
]]></system-out>
  </testcase>
  <testcase name="testGetUser_nonExisting" classname="cz.uhk.kpro2.service.UserServiceImplTest" time="0.196">
    <system-out><![CDATA[2025-05-25T15:11:23.634+02:00 DEBUG 14164 --- [BasketballManager] [           main] org.hibernate.SQL                        : 
    select
        u1_0.id,
        u1_0.password,
        u1_0.roles,
        u1_0.username 
    from
        users u1_0 
    where
        u1_0.username=?
Hibernate: 
    select
        u1_0.id,
        u1_0.password,
        u1_0.roles,
        u1_0.username 
    from
        users u1_0 
    where
        u1_0.username=?
2025-05-25T15:11:23.635+02:00 DEBUG 14164 --- [BasketballManager] [           main] org.hibernate.SQL                        : 
    select
        u1_0.id,
        u1_0.password,
        u1_0.roles,
        u1_0.username 
    from
        users u1_0 
    where
        u1_0.username=?
Hibernate: 
    select
        u1_0.id,
        u1_0.password,
        u1_0.roles,
        u1_0.username 
    from
        users u1_0 
    where
        u1_0.username=?
2025-05-25T15:11:23.636+02:00 DEBUG 14164 --- [BasketballManager] [           main] org.hibernate.SQL                        : 
    select
        u1_0.id,
        u1_0.password,
        u1_0.roles,
        u1_0.username 
    from
        users u1_0 
    where
        u1_0.username=?
Hibernate: 
    select
        u1_0.id,
        u1_0.password,
        u1_0.roles,
        u1_0.username 
    from
        users u1_0 
    where
        u1_0.username=?
2025-05-25T15:11:23.698+02:00 DEBUG 14164 --- [BasketballManager] [           main] org.hibernate.SQL                        : 
    insert 
    into
        users
        (password, roles, username, id) 
    values
        (?, ?, ?, default)
Hibernate: 
    insert 
    into
        users
        (password, roles, username, id) 
    values
        (?, ?, ?, default)
2025-05-25T15:11:23.760+02:00 DEBUG 14164 --- [BasketballManager] [           main] org.hibernate.SQL                        : 
    insert 
    into
        users
        (password, roles, username, id) 
    values
        (?, ?, ?, default)
Hibernate: 
    insert 
    into
        users
        (password, roles, username, id) 
    values
        (?, ?, ?, default)
2025-05-25T15:11:23.822+02:00 DEBUG 14164 --- [BasketballManager] [           main] org.hibernate.SQL                        : 
    insert 
    into
        users
        (password, roles, username, id) 
    values
        (?, ?, ?, default)
Hibernate: 
    insert 
    into
        users
        (password, roles, username, id) 
    values
        (?, ?, ?, default)
2025-05-25T15:11:23.823+02:00 DEBUG 14164 --- [BasketballManager] [           main] org.hibernate.SQL                        : 
    select
        u1_0.id,
        u1_0.password,
        u1_0.roles,
        u1_0.username 
    from
        users u1_0 
    where
        u1_0.id=?
Hibernate: 
    select
        u1_0.id,
        u1_0.password,
        u1_0.roles,
        u1_0.username 
    from
        users u1_0 
    where
        u1_0.id=?
]]></system-out>
  </testcase>
  <testcase name="testDeleteUser_existingUser_inTeam" classname="cz.uhk.kpro2.service.UserServiceImplTest" time="0.226">
    <system-out><![CDATA[2025-05-25T15:11:23.829+02:00 DEBUG 14164 --- [BasketballManager] [           main] org.hibernate.SQL                        : 
    select
        u1_0.id,
        u1_0.password,
        u1_0.roles,
        u1_0.username 
    from
        users u1_0 
    where
        u1_0.username=?
Hibernate: 
    select
        u1_0.id,
        u1_0.password,
        u1_0.roles,
        u1_0.username 
    from
        users u1_0 
    where
        u1_0.username=?
2025-05-25T15:11:23.831+02:00 DEBUG 14164 --- [BasketballManager] [           main] org.hibernate.SQL                        : 
    select
        u1_0.id,
        u1_0.password,
        u1_0.roles,
        u1_0.username 
    from
        users u1_0 
    where
        u1_0.username=?
Hibernate: 
    select
        u1_0.id,
        u1_0.password,
        u1_0.roles,
        u1_0.username 
    from
        users u1_0 
    where
        u1_0.username=?
2025-05-25T15:11:23.832+02:00 DEBUG 14164 --- [BasketballManager] [           main] org.hibernate.SQL                        : 
    select
        u1_0.id,
        u1_0.password,
        u1_0.roles,
        u1_0.username 
    from
        users u1_0 
    where
        u1_0.username=?
Hibernate: 
    select
        u1_0.id,
        u1_0.password,
        u1_0.roles,
        u1_0.username 
    from
        users u1_0 
    where
        u1_0.username=?
2025-05-25T15:11:23.895+02:00 DEBUG 14164 --- [BasketballManager] [           main] org.hibernate.SQL                        : 
    insert 
    into
        users
        (password, roles, username, id) 
    values
        (?, ?, ?, default)
Hibernate: 
    insert 
    into
        users
        (password, roles, username, id) 
    values
        (?, ?, ?, default)
2025-05-25T15:11:23.958+02:00 DEBUG 14164 --- [BasketballManager] [           main] org.hibernate.SQL                        : 
    insert 
    into
        users
        (password, roles, username, id) 
    values
        (?, ?, ?, default)
Hibernate: 
    insert 
    into
        users
        (password, roles, username, id) 
    values
        (?, ?, ?, default)
2025-05-25T15:11:24.021+02:00 DEBUG 14164 --- [BasketballManager] [           main] org.hibernate.SQL                        : 
    insert 
    into
        users
        (password, roles, username, id) 
    values
        (?, ?, ?, default)
Hibernate: 
    insert 
    into
        users
        (password, roles, username, id) 
    values
        (?, ?, ?, default)
2025-05-25T15:11:24.022+02:00 DEBUG 14164 --- [BasketballManager] [           main] org.hibernate.SQL                        : 
    insert 
    into
        teams
        (coach_id, name, id) 
    values
        (?, ?, default)
Hibernate: 
    insert 
    into
        teams
        (coach_id, name, id) 
    values
        (?, ?, default)
2025-05-25T15:11:24.026+02:00 DEBUG 14164 --- [BasketballManager] [           main] org.hibernate.SQL                        : 
    select
        t1_0.id,
        t1_0.coach_id,
        t1_0.name 
    from
        teams t1_0
Hibernate: 
    select
        t1_0.id,
        t1_0.coach_id,
        t1_0.name 
    from
        teams t1_0
2025-05-25T15:11:24.037+02:00 DEBUG 14164 --- [BasketballManager] [           main] org.hibernate.SQL                        : 
    select
        m1_0.team_id,
        m1_1.id,
        m1_1.password,
        m1_1.roles,
        m1_1.username 
    from
        team_members m1_0 
    join
        users m1_1 
            on m1_1.id=m1_0.member_id 
    where
        m1_0.team_id=?
Hibernate: 
    select
        m1_0.team_id,
        m1_1.id,
        m1_1.password,
        m1_1.roles,
        m1_1.username 
    from
        team_members m1_0 
    join
        users m1_1 
            on m1_1.id=m1_0.member_id 
    where
        m1_0.team_id=?
2025-05-25T15:11:24.042+02:00 DEBUG 14164 --- [BasketballManager] [           main] org.hibernate.SQL                        : 
    select
        m1_0.team_id,
        m1_1.id,
        m1_1.password,
        m1_1.roles,
        m1_1.username 
    from
        team_members m1_0 
    join
        users m1_1 
            on m1_1.id=m1_0.member_id 
    where
        m1_0.team_id=?
Hibernate: 
    select
        m1_0.team_id,
        m1_1.id,
        m1_1.password,
        m1_1.roles,
        m1_1.username 
    from
        team_members m1_0 
    join
        users m1_1 
            on m1_1.id=m1_0.member_id 
    where
        m1_0.team_id=?
]]></system-out>
  </testcase>
  <testcase name="testPasswordEncodingOnUserUpdate" classname="cz.uhk.kpro2.service.UserServiceImplTest" time="0.323">
    <system-out><![CDATA[2025-05-25T15:11:24.057+02:00 DEBUG 14164 --- [BasketballManager] [           main] org.hibernate.SQL                        : 
    select
        u1_0.id,
        u1_0.password,
        u1_0.roles,
        u1_0.username 
    from
        users u1_0 
    where
        u1_0.username=?
Hibernate: 
    select
        u1_0.id,
        u1_0.password,
        u1_0.roles,
        u1_0.username 
    from
        users u1_0 
    where
        u1_0.username=?
2025-05-25T15:11:24.058+02:00 DEBUG 14164 --- [BasketballManager] [           main] org.hibernate.SQL                        : 
    select
        u1_0.id,
        u1_0.password,
        u1_0.roles,
        u1_0.username 
    from
        users u1_0 
    where
        u1_0.username=?
Hibernate: 
    select
        u1_0.id,
        u1_0.password,
        u1_0.roles,
        u1_0.username 
    from
        users u1_0 
    where
        u1_0.username=?
2025-05-25T15:11:24.059+02:00 DEBUG 14164 --- [BasketballManager] [           main] org.hibernate.SQL                        : 
    select
        u1_0.id,
        u1_0.password,
        u1_0.roles,
        u1_0.username 
    from
        users u1_0 
    where
        u1_0.username=?
Hibernate: 
    select
        u1_0.id,
        u1_0.password,
        u1_0.roles,
        u1_0.username 
    from
        users u1_0 
    where
        u1_0.username=?
2025-05-25T15:11:24.123+02:00 DEBUG 14164 --- [BasketballManager] [           main] org.hibernate.SQL                        : 
    insert 
    into
        users
        (password, roles, username, id) 
    values
        (?, ?, ?, default)
Hibernate: 
    insert 
    into
        users
        (password, roles, username, id) 
    values
        (?, ?, ?, default)
2025-05-25T15:11:24.186+02:00 DEBUG 14164 --- [BasketballManager] [           main] org.hibernate.SQL                        : 
    insert 
    into
        users
        (password, roles, username, id) 
    values
        (?, ?, ?, default)
Hibernate: 
    insert 
    into
        users
        (password, roles, username, id) 
    values
        (?, ?, ?, default)
2025-05-25T15:11:24.248+02:00 DEBUG 14164 --- [BasketballManager] [           main] org.hibernate.SQL                        : 
    insert 
    into
        users
        (password, roles, username, id) 
    values
        (?, ?, ?, default)
Hibernate: 
    insert 
    into
        users
        (password, roles, username, id) 
    values
        (?, ?, ?, default)
2025-05-25T15:11:24.251+02:00 DEBUG 14164 --- [BasketballManager] [           main] org.hibernate.SQL                        : 
    select
        u1_0.id,
        u1_0.password,
        u1_0.roles,
        u1_0.username 
    from
        users u1_0 
    where
        u1_0.username=?
Hibernate: 
    select
        u1_0.id,
        u1_0.password,
        u1_0.roles,
        u1_0.username 
    from
        users u1_0 
    where
        u1_0.username=?
]]></system-out>
  </testcase>
  <testcase name="testSaveNewUser_emptyPassword_throwsException" classname="cz.uhk.kpro2.service.UserServiceImplTest" time="0.194">
    <system-out><![CDATA[2025-05-25T15:11:24.380+02:00 DEBUG 14164 --- [BasketballManager] [           main] org.hibernate.SQL                        : 
    select
        u1_0.id,
        u1_0.password,
        u1_0.roles,
        u1_0.username 
    from
        users u1_0 
    where
        u1_0.username=?
Hibernate: 
    select
        u1_0.id,
        u1_0.password,
        u1_0.roles,
        u1_0.username 
    from
        users u1_0 
    where
        u1_0.username=?
2025-05-25T15:11:24.382+02:00 DEBUG 14164 --- [BasketballManager] [           main] org.hibernate.SQL                        : 
    select
        u1_0.id,
        u1_0.password,
        u1_0.roles,
        u1_0.username 
    from
        users u1_0 
    where
        u1_0.username=?
Hibernate: 
    select
        u1_0.id,
        u1_0.password,
        u1_0.roles,
        u1_0.username 
    from
        users u1_0 
    where
        u1_0.username=?
2025-05-25T15:11:24.383+02:00 DEBUG 14164 --- [BasketballManager] [           main] org.hibernate.SQL                        : 
    select
        u1_0.id,
        u1_0.password,
        u1_0.roles,
        u1_0.username 
    from
        users u1_0 
    where
        u1_0.username=?
Hibernate: 
    select
        u1_0.id,
        u1_0.password,
        u1_0.roles,
        u1_0.username 
    from
        users u1_0 
    where
        u1_0.username=?
2025-05-25T15:11:24.444+02:00 DEBUG 14164 --- [BasketballManager] [           main] org.hibernate.SQL                        : 
    insert 
    into
        users
        (password, roles, username, id) 
    values
        (?, ?, ?, default)
Hibernate: 
    insert 
    into
        users
        (password, roles, username, id) 
    values
        (?, ?, ?, default)
2025-05-25T15:11:24.505+02:00 DEBUG 14164 --- [BasketballManager] [           main] org.hibernate.SQL                        : 
    insert 
    into
        users
        (password, roles, username, id) 
    values
        (?, ?, ?, default)
Hibernate: 
    insert 
    into
        users
        (password, roles, username, id) 
    values
        (?, ?, ?, default)
2025-05-25T15:11:24.569+02:00 DEBUG 14164 --- [BasketballManager] [           main] org.hibernate.SQL                        : 
    insert 
    into
        users
        (password, roles, username, id) 
    values
        (?, ?, ?, default)
Hibernate: 
    insert 
    into
        users
        (password, roles, username, id) 
    values
        (?, ?, ?, default)
]]></system-out>
  </testcase>
  <testcase name="testFindByUsername_nonExisting" classname="cz.uhk.kpro2.service.UserServiceImplTest" time="0.194">
    <system-out><![CDATA[2025-05-25T15:11:24.575+02:00 DEBUG 14164 --- [BasketballManager] [           main] org.hibernate.SQL                        : 
    select
        u1_0.id,
        u1_0.password,
        u1_0.roles,
        u1_0.username 
    from
        users u1_0 
    where
        u1_0.username=?
Hibernate: 
    select
        u1_0.id,
        u1_0.password,
        u1_0.roles,
        u1_0.username 
    from
        users u1_0 
    where
        u1_0.username=?
2025-05-25T15:11:24.576+02:00 DEBUG 14164 --- [BasketballManager] [           main] org.hibernate.SQL                        : 
    select
        u1_0.id,
        u1_0.password,
        u1_0.roles,
        u1_0.username 
    from
        users u1_0 
    where
        u1_0.username=?
Hibernate: 
    select
        u1_0.id,
        u1_0.password,
        u1_0.roles,
        u1_0.username 
    from
        users u1_0 
    where
        u1_0.username=?
2025-05-25T15:11:24.577+02:00 DEBUG 14164 --- [BasketballManager] [           main] org.hibernate.SQL                        : 
    select
        u1_0.id,
        u1_0.password,
        u1_0.roles,
        u1_0.username 
    from
        users u1_0 
    where
        u1_0.username=?
Hibernate: 
    select
        u1_0.id,
        u1_0.password,
        u1_0.roles,
        u1_0.username 
    from
        users u1_0 
    where
        u1_0.username=?
2025-05-25T15:11:24.639+02:00 DEBUG 14164 --- [BasketballManager] [           main] org.hibernate.SQL                        : 
    insert 
    into
        users
        (password, roles, username, id) 
    values
        (?, ?, ?, default)
Hibernate: 
    insert 
    into
        users
        (password, roles, username, id) 
    values
        (?, ?, ?, default)
2025-05-25T15:11:24.701+02:00 DEBUG 14164 --- [BasketballManager] [           main] org.hibernate.SQL                        : 
    insert 
    into
        users
        (password, roles, username, id) 
    values
        (?, ?, ?, default)
Hibernate: 
    insert 
    into
        users
        (password, roles, username, id) 
    values
        (?, ?, ?, default)
2025-05-25T15:11:24.762+02:00 DEBUG 14164 --- [BasketballManager] [           main] org.hibernate.SQL                        : 
    insert 
    into
        users
        (password, roles, username, id) 
    values
        (?, ?, ?, default)
Hibernate: 
    insert 
    into
        users
        (password, roles, username, id) 
    values
        (?, ?, ?, default)
2025-05-25T15:11:24.765+02:00 DEBUG 14164 --- [BasketballManager] [           main] org.hibernate.SQL                        : 
    select
        u1_0.id,
        u1_0.password,
        u1_0.roles,
        u1_0.username 
    from
        users u1_0 
    where
        u1_0.username=?
Hibernate: 
    select
        u1_0.id,
        u1_0.password,
        u1_0.roles,
        u1_0.username 
    from
        users u1_0 
    where
        u1_0.username=?
]]></system-out>
  </testcase>
  <testcase name="testDeleteUser_existingUser_notInTeam" classname="cz.uhk.kpro2.service.UserServiceImplTest" time="0.194">
    <system-out><![CDATA[2025-05-25T15:11:24.769+02:00 DEBUG 14164 --- [BasketballManager] [           main] org.hibernate.SQL                        : 
    select
        u1_0.id,
        u1_0.password,
        u1_0.roles,
        u1_0.username 
    from
        users u1_0 
    where
        u1_0.username=?
Hibernate: 
    select
        u1_0.id,
        u1_0.password,
        u1_0.roles,
        u1_0.username 
    from
        users u1_0 
    where
        u1_0.username=?
2025-05-25T15:11:24.771+02:00 DEBUG 14164 --- [BasketballManager] [           main] org.hibernate.SQL                        : 
    select
        u1_0.id,
        u1_0.password,
        u1_0.roles,
        u1_0.username 
    from
        users u1_0 
    where
        u1_0.username=?
Hibernate: 
    select
        u1_0.id,
        u1_0.password,
        u1_0.roles,
        u1_0.username 
    from
        users u1_0 
    where
        u1_0.username=?
2025-05-25T15:11:24.771+02:00 DEBUG 14164 --- [BasketballManager] [           main] org.hibernate.SQL                        : 
    select
        u1_0.id,
        u1_0.password,
        u1_0.roles,
        u1_0.username 
    from
        users u1_0 
    where
        u1_0.username=?
Hibernate: 
    select
        u1_0.id,
        u1_0.password,
        u1_0.roles,
        u1_0.username 
    from
        users u1_0 
    where
        u1_0.username=?
2025-05-25T15:11:24.833+02:00 DEBUG 14164 --- [BasketballManager] [           main] org.hibernate.SQL                        : 
    insert 
    into
        users
        (password, roles, username, id) 
    values
        (?, ?, ?, default)
Hibernate: 
    insert 
    into
        users
        (password, roles, username, id) 
    values
        (?, ?, ?, default)
2025-05-25T15:11:24.894+02:00 DEBUG 14164 --- [BasketballManager] [           main] org.hibernate.SQL                        : 
    insert 
    into
        users
        (password, roles, username, id) 
    values
        (?, ?, ?, default)
Hibernate: 
    insert 
    into
        users
        (password, roles, username, id) 
    values
        (?, ?, ?, default)
2025-05-25T15:11:24.955+02:00 DEBUG 14164 --- [BasketballManager] [           main] org.hibernate.SQL                        : 
    insert 
    into
        users
        (password, roles, username, id) 
    values
        (?, ?, ?, default)
Hibernate: 
    insert 
    into
        users
        (password, roles, username, id) 
    values
        (?, ?, ?, default)
2025-05-25T15:11:24.957+02:00 DEBUG 14164 --- [BasketballManager] [           main] org.hibernate.SQL                        : 
    select
        t1_0.id,
        t1_0.coach_id,
        t1_0.name 
    from
        teams t1_0
Hibernate: 
    select
        t1_0.id,
        t1_0.coach_id,
        t1_0.name 
    from
        teams t1_0
2025-05-25T15:11:24.958+02:00 DEBUG 14164 --- [BasketballManager] [           main] org.hibernate.SQL                        : 
    select
        m1_0.team_id,
        m1_1.id,
        m1_1.password,
        m1_1.roles,
        m1_1.username 
    from
        team_members m1_0 
    join
        users m1_1 
            on m1_1.id=m1_0.member_id 
    where
        m1_0.team_id=?
Hibernate: 
    select
        m1_0.team_id,
        m1_1.id,
        m1_1.password,
        m1_1.roles,
        m1_1.username 
    from
        team_members m1_0 
    join
        users m1_1 
            on m1_1.id=m1_0.member_id 
    where
        m1_0.team_id=?
2025-05-25T15:11:24.959+02:00 DEBUG 14164 --- [BasketballManager] [           main] org.hibernate.SQL                        : 
    select
        m1_0.team_id,
        m1_1.id,
        m1_1.password,
        m1_1.roles,
        m1_1.username 
    from
        team_members m1_0 
    join
        users m1_1 
            on m1_1.id=m1_0.member_id 
    where
        m1_0.team_id=?
Hibernate: 
    select
        m1_0.team_id,
        m1_1.id,
        m1_1.password,
        m1_1.roles,
        m1_1.username 
    from
        team_members m1_0 
    join
        users m1_1 
            on m1_1.id=m1_0.member_id 
    where
        m1_0.team_id=?
]]></system-out>
  </testcase>
  <testcase name="testSaveExistingUser_emptyPassword_keepsOldPassword" classname="cz.uhk.kpro2.service.UserServiceImplTest" time="0.195">
    <system-out><![CDATA[2025-05-25T15:11:24.964+02:00 DEBUG 14164 --- [BasketballManager] [           main] org.hibernate.SQL                        : 
    select
        u1_0.id,
        u1_0.password,
        u1_0.roles,
        u1_0.username 
    from
        users u1_0 
    where
        u1_0.username=?
Hibernate: 
    select
        u1_0.id,
        u1_0.password,
        u1_0.roles,
        u1_0.username 
    from
        users u1_0 
    where
        u1_0.username=?
2025-05-25T15:11:24.966+02:00 DEBUG 14164 --- [BasketballManager] [           main] org.hibernate.SQL                        : 
    select
        u1_0.id,
        u1_0.password,
        u1_0.roles,
        u1_0.username 
    from
        users u1_0 
    where
        u1_0.username=?
Hibernate: 
    select
        u1_0.id,
        u1_0.password,
        u1_0.roles,
        u1_0.username 
    from
        users u1_0 
    where
        u1_0.username=?
2025-05-25T15:11:24.967+02:00 DEBUG 14164 --- [BasketballManager] [           main] org.hibernate.SQL                        : 
    select
        u1_0.id,
        u1_0.password,
        u1_0.roles,
        u1_0.username 
    from
        users u1_0 
    where
        u1_0.username=?
Hibernate: 
    select
        u1_0.id,
        u1_0.password,
        u1_0.roles,
        u1_0.username 
    from
        users u1_0 
    where
        u1_0.username=?
2025-05-25T15:11:25.028+02:00 DEBUG 14164 --- [BasketballManager] [           main] org.hibernate.SQL                        : 
    insert 
    into
        users
        (password, roles, username, id) 
    values
        (?, ?, ?, default)
Hibernate: 
    insert 
    into
        users
        (password, roles, username, id) 
    values
        (?, ?, ?, default)
2025-05-25T15:11:25.090+02:00 DEBUG 14164 --- [BasketballManager] [           main] org.hibernate.SQL                        : 
    insert 
    into
        users
        (password, roles, username, id) 
    values
        (?, ?, ?, default)
Hibernate: 
    insert 
    into
        users
        (password, roles, username, id) 
    values
        (?, ?, ?, default)
2025-05-25T15:11:25.151+02:00 DEBUG 14164 --- [BasketballManager] [           main] org.hibernate.SQL                        : 
    insert 
    into
        users
        (password, roles, username, id) 
    values
        (?, ?, ?, default)
Hibernate: 
    insert 
    into
        users
        (password, roles, username, id) 
    values
        (?, ?, ?, default)
2025-05-25T15:11:25.155+02:00 DEBUG 14164 --- [BasketballManager] [           main] org.hibernate.SQL                        : 
    select
        u1_0.id,
        u1_0.password,
        u1_0.roles,
        u1_0.username 
    from
        users u1_0 
    where
        u1_0.username=?
Hibernate: 
    select
        u1_0.id,
        u1_0.password,
        u1_0.roles,
        u1_0.username 
    from
        users u1_0 
    where
        u1_0.username=?
]]></system-out>
  </testcase>
</testsuite>