<?xml version="1.0" encoding="UTF-8"?>
<testsuite xmlns:xsi="http://www.w3.org/2001/XMLSchema-instance" xsi:noNamespaceSchemaLocation="https://maven.apache.org/surefire/maven-surefire-plugin/xsd/surefire-test-report.xsd" version="3.0.2" name="cz.uhk.kpro2.Kpro2ApplicationTests" time="6.506" tests="6" errors="1" skipped="0" failures="1">
  <properties>
[...]
</properties>
  <testcase name="testUserCreationAndRetrieval" classname="cz.uhk.kpro2.Kpro2ApplicationTests" time="0.624">
    <system-out><![CDATA[11:55:56.130 [main] INFO org.springframework.test.context.support.AnnotationConfigContextLoaderUtils -- Could not detect default configuration classes for test class [cz.uhk.kpro2.Kpro2ApplicationTests]: Kpro2ApplicationTests does not declare any static, non-private, non-final, nested classes annotated with @Configuration.
11:55:56.237 [main] INFO org.springframework.boot.test.context.SpringBootTestContextBootstrapper -- Found @SpringBootConfiguration cz.uhk.kpro2.Kpro2Application for test class cz.uhk.kpro2.Kpro2ApplicationTests
11:55:56.398 [main] INFO org.springframework.boot.devtools.restart.RestartApplicationListener -- Restart disabled due to context in which it is running

  .   ____          _            __ _ _
 /\\ / ___'_ __ _ _(_)_ __  __ _ \ \ \ \
( ( )\___ | '_ | '_| | '_ \/ _` | \ \ \ \
 \\/  ___)| |_)| | | | | || (_| |  ) ) ) )
  '  |____| .__|_| |_|_| |_\__, | / / / /
 =========|_|==============|___/=/_/_/_/

 :: Spring Boot ::                (v3.4.5)

2025-05-24T11:55:56.646+02:00  INFO 20488 --- [BasketballManager] [           main] cz.uhk.kpro2.Kpro2ApplicationTests       : Starting Kpro2ApplicationTests using Java 21.0.6 with PID 20488 (started by venda in C:\Users\venda\Desktop\PRO2pls\proBM)
2025-05-24T11:55:56.647+02:00  INFO 20488 --- [BasketballManager] [           main] cz.uhk.kpro2.Kpro2ApplicationTests       : No active profile set, falling back to 1 default profile: "default"
2025-05-24T11:55:57.426+02:00  INFO 20488 --- [BasketballManager] [           main] .s.d.r.c.RepositoryConfigurationDelegate : Bootstrapping Spring Data JPA repositories in DEFAULT mode.
2025-05-24T11:55:57.501+02:00  INFO 20488 --- [BasketballManager] [           main] .s.d.r.c.RepositoryConfigurationDelegate : Finished Spring Data repository scanning in 67 ms. Found 4 JPA repository interfaces.
2025-05-24T11:55:58.025+02:00  INFO 20488 --- [BasketballManager] [           main] o.hibernate.jpa.internal.util.LogHelper  : HHH000204: Processing PersistenceUnitInfo [name: default]
2025-05-24T11:55:58.092+02:00  INFO 20488 --- [BasketballManager] [           main] org.hibernate.Version                    : HHH000412: Hibernate ORM core version 6.6.13.Final
2025-05-24T11:55:58.135+02:00  INFO 20488 --- [BasketballManager] [           main] o.h.c.internal.RegionFactoryInitiator    : HHH000026: Second-level cache disabled
2025-05-24T11:55:58.458+02:00  INFO 20488 --- [BasketballManager] [           main] o.s.o.j.p.SpringPersistenceUnitInfo      : No LoadTimeWeaver setup: ignoring JPA class transformer
2025-05-24T11:55:58.490+02:00  INFO 20488 --- [BasketballManager] [           main] com.zaxxer.hikari.HikariDataSource       : HikariPool-1 - Starting...
2025-05-24T11:55:58.649+02:00  INFO 20488 --- [BasketballManager] [           main] com.zaxxer.hikari.pool.HikariPool        : HikariPool-1 - Added connection conn0: url=jdbc:h2:mem:mydb user=SA
2025-05-24T11:55:58.651+02:00  INFO 20488 --- [BasketballManager] [           main] com.zaxxer.hikari.HikariDataSource       : HikariPool-1 - Start completed.
2025-05-24T11:55:58.669+02:00  WARN 20488 --- [BasketballManager] [           main] org.hibernate.orm.deprecation            : HHH90000025: H2Dialect does not need to be specified explicitly using 'hibernate.dialect' (remove the property setting and it will be selected by default)
2025-05-24T11:55:58.686+02:00  INFO 20488 --- [BasketballManager] [           main] org.hibernate.orm.connections.pooling    : HHH10001005: Database info:
	Database JDBC URL [Connecting through datasource 'HikariDataSource (HikariPool-1)']
	Database driver: undefined/unknown
	Database version: 2.3.232
	Autocommit mode: undefined/unknown
	Isolation level: undefined/unknown
	Minimum pool size: undefined/unknown
	Maximum pool size: undefined/unknown
2025-05-24T11:55:59.482+02:00  INFO 20488 --- [BasketballManager] [           main] o.h.e.t.j.p.i.JtaPlatformInitiator       : HHH000489: No JTA platform available (set 'hibernate.transaction.jta.platform' to enable JTA platform integration)
2025-05-24T11:55:59.502+02:00 DEBUG 20488 --- [BasketballManager] [           main] org.hibernate.SQL                        : 
    drop table if exists coaches cascade 
Hibernate: 
    drop table if exists coaches cascade 
2025-05-24T11:55:59.506+02:00 DEBUG 20488 --- [BasketballManager] [           main] org.hibernate.SQL                        : 
    drop table if exists players cascade 
Hibernate: 
    drop table if exists players cascade 
2025-05-24T11:55:59.506+02:00 DEBUG 20488 --- [BasketballManager] [           main] org.hibernate.SQL                        : 
    drop table if exists team_members cascade 
Hibernate: 
    drop table if exists team_members cascade 
2025-05-24T11:55:59.506+02:00 DEBUG 20488 --- [BasketballManager] [           main] org.hibernate.SQL                        : 
    drop table if exists teams cascade 
Hibernate: 
    drop table if exists teams cascade 
2025-05-24T11:55:59.507+02:00 DEBUG 20488 --- [BasketballManager] [           main] org.hibernate.SQL                        : 
    drop table if exists users cascade 
Hibernate: 
    drop table if exists users cascade 
2025-05-24T11:55:59.511+02:00 DEBUG 20488 --- [BasketballManager] [           main] org.hibernate.SQL                        : 
    create table coaches (
        experience_years integer not null check (experience_years>=0),
        id bigint generated by default as identity,
        name varchar(100) not null,
        primary key (id)
    )
Hibernate: 
    create table coaches (
        experience_years integer not null check (experience_years>=0),
        id bigint generated by default as identity,
        name varchar(100) not null,
        primary key (id)
    )
2025-05-24T11:55:59.523+02:00 DEBUG 20488 --- [BasketballManager] [           main] org.hibernate.SQL                        : 
    create table players (
        jersey_number integer not null check ((jersey_number<=99) and (jersey_number>=0)),
        points_per_game float(53) not null,
        id bigint generated by default as identity,
        team_id bigint not null,
        skill_level varchar(50) not null,
        name varchar(100) not null,
        position enum ('CENTER','POINT_GUARD','POWER_FORWARD','SHOOTING_GUARD','SMALL_FORWARD') not null,
        primary key (id)
    )
Hibernate: 
    create table players (
        jersey_number integer not null check ((jersey_number<=99) and (jersey_number>=0)),
        points_per_game float(53) not null,
        id bigint generated by default as identity,
        team_id bigint not null,
        skill_level varchar(50) not null,
        name varchar(100) not null,
        position enum ('CENTER','POINT_GUARD','POWER_FORWARD','SHOOTING_GUARD','SMALL_FORWARD') not null,
        primary key (id)
    )
2025-05-24T11:55:59.525+02:00 DEBUG 20488 --- [BasketballManager] [           main] org.hibernate.SQL                        : 
    create table team_members (
        member_id bigint not null,
        team_id bigint not null
    )
Hibernate: 
    create table team_members (
        member_id bigint not null,
        team_id bigint not null
    )
2025-05-24T11:55:59.525+02:00 DEBUG 20488 --- [BasketballManager] [           main] org.hibernate.SQL                        : 
    create table teams (
        coach_id bigint,
        id bigint generated by default as identity,
        name varchar(100) not null,
        primary key (id)
    )
Hibernate: 
    create table teams (
        coach_id bigint,
        id bigint generated by default as identity,
        name varchar(100) not null,
        primary key (id)
    )
2025-05-24T11:55:59.527+02:00 DEBUG 20488 --- [BasketballManager] [           main] org.hibernate.SQL                        : 
    create table users (
        id bigint generated by default as identity,
        roles varchar(50) not null,
        username varchar(50) not null unique,
        password varchar(100) not null,
        primary key (id)
    )
Hibernate: 
    create table users (
        id bigint generated by default as identity,
        roles varchar(50) not null,
        username varchar(50) not null unique,
        password varchar(100) not null,
        primary key (id)
    )
2025-05-24T11:55:59.529+02:00 DEBUG 20488 --- [BasketballManager] [           main] org.hibernate.SQL                        : 
    alter table if exists players 
       add constraint FK5nglidr00c4dyybl171v6kask 
       foreign key (team_id) 
       references teams
Hibernate: 
    alter table if exists players 
       add constraint FK5nglidr00c4dyybl171v6kask 
       foreign key (team_id) 
       references teams
2025-05-24T11:55:59.538+02:00 DEBUG 20488 --- [BasketballManager] [           main] org.hibernate.SQL                        : 
    alter table if exists team_members 
       add constraint FKidkfc3wlkfjao9k91pst8kidf 
       foreign key (member_id) 
       references users
Hibernate: 
    alter table if exists team_members 
       add constraint FKidkfc3wlkfjao9k91pst8kidf 
       foreign key (member_id) 
       references users
2025-05-24T11:55:59.539+02:00 DEBUG 20488 --- [BasketballManager] [           main] org.hibernate.SQL                        : 
    alter table if exists team_members 
       add constraint FKtgca08el3ofisywcf11f0f76t 
       foreign key (team_id) 
       references teams
Hibernate: 
    alter table if exists team_members 
       add constraint FKtgca08el3ofisywcf11f0f76t 
       foreign key (team_id) 
       references teams
2025-05-24T11:55:59.540+02:00 DEBUG 20488 --- [BasketballManager] [           main] org.hibernate.SQL                        : 
    alter table if exists teams 
       add constraint FKip6gv8g69o6senngpocesacuk 
       foreign key (coach_id) 
       references coaches
Hibernate: 
    alter table if exists teams 
       add constraint FKip6gv8g69o6senngpocesacuk 
       foreign key (coach_id) 
       references coaches
2025-05-24T11:55:59.544+02:00  INFO 20488 --- [BasketballManager] [           main] j.LocalContainerEntityManagerFactoryBean : Initialized JPA EntityManagerFactory for persistence unit 'default'
2025-05-24T11:55:59.937+02:00  WARN 20488 --- [BasketballManager] [           main] JpaBaseConfiguration$JpaWebConfiguration : spring.jpa.open-in-view is enabled by default. Therefore, database queries may be performed during view rendering. Explicitly configure spring.jpa.open-in-view to disable this warning
2025-05-24T11:55:59.976+02:00  INFO 20488 --- [BasketballManager] [           main] r$InitializeUserDetailsManagerConfigurer : Global AuthenticationManager configured with UserDetailsService bean with name userDetailsServiceImpl
2025-05-24T11:56:00.599+02:00  INFO 20488 --- [BasketballManager] [           main] o.s.b.a.h2.H2ConsoleAutoConfiguration    : H2 console available at '/h2-console'. Database available at 'jdbc:h2:mem:mydb'
2025-05-24T11:56:00.695+02:00  INFO 20488 --- [BasketballManager] [           main] cz.uhk.kpro2.Kpro2ApplicationTests       : Started Kpro2ApplicationTests in 4.304 seconds (process running for 5.238)
2025-05-24T11:56:00.815+02:00 DEBUG 20488 --- [BasketballManager] [           main] org.hibernate.SQL                        : 
    select
        u1_0.id,
        u1_0.password,
        u1_0.roles,
        u1_0.username 
    from
        users u1_0 
    where
        u1_0.username=?
Hibernate: 
    select
        u1_0.id,
        u1_0.password,
        u1_0.roles,
        u1_0.username 
    from
        users u1_0 
    where
        u1_0.username=?
Initializing sample data...
2025-05-24T11:56:00.954+02:00 DEBUG 20488 --- [BasketballManager] [           main] org.hibernate.SQL                        : 
    insert 
    into
        users
        (password, roles, username, id) 
    values
        (?, ?, ?, default)
Hibernate: 
    insert 
    into
        users
        (password, roles, username, id) 
    values
        (?, ?, ?, default)
2025-05-24T11:56:01.025+02:00 DEBUG 20488 --- [BasketballManager] [           main] org.hibernate.SQL                        : 
    insert 
    into
        users
        (password, roles, username, id) 
    values
        (?, ?, ?, default)
Hibernate: 
    insert 
    into
        users
        (password, roles, username, id) 
    values
        (?, ?, ?, default)
2025-05-24T11:56:01.088+02:00 DEBUG 20488 --- [BasketballManager] [           main] org.hibernate.SQL                        : 
    insert 
    into
        users
        (password, roles, username, id) 
    values
        (?, ?, ?, default)
Hibernate: 
    insert 
    into
        users
        (password, roles, username, id) 
    values
        (?, ?, ?, default)
2025-05-24T11:56:01.088+02:00 DEBUG 20488 --- [BasketballManager] [           main] org.hibernate.SQL                        : 
    insert 
    into
        coaches
        (experience_years, name, id) 
    values
        (?, ?, default)
Hibernate: 
    insert 
    into
        coaches
        (experience_years, name, id) 
    values
        (?, ?, default)
2025-05-24T11:56:01.088+02:00 DEBUG 20488 --- [BasketballManager] [           main] org.hibernate.SQL                        : 
    insert 
    into
        coaches
        (experience_years, name, id) 
    values
        (?, ?, default)
Hibernate: 
    insert 
    into
        coaches
        (experience_years, name, id) 
    values
        (?, ?, default)
2025-05-24T11:56:01.102+02:00 DEBUG 20488 --- [BasketballManager] [           main] org.hibernate.SQL                        : 
    insert 
    into
        teams
        (coach_id, name, id) 
    values
        (?, ?, default)
Hibernate: 
    insert 
    into
        teams
        (coach_id, name, id) 
    values
        (?, ?, default)
2025-05-24T11:56:01.102+02:00 DEBUG 20488 --- [BasketballManager] [           main] org.hibernate.SQL                        : 
    insert 
    into
        teams
        (coach_id, name, id) 
    values
        (?, ?, default)
Hibernate: 
    insert 
    into
        teams
        (coach_id, name, id) 
    values
        (?, ?, default)
2025-05-24T11:56:01.102+02:00 DEBUG 20488 --- [BasketballManager] [           main] org.hibernate.SQL                        : 
    insert 
    into
        players
        (jersey_number, name, points_per_game, position, skill_level, team_id, id) 
    values
        (?, ?, ?, ?, ?, ?, default)
Hibernate: 
    insert 
    into
        players
        (jersey_number, name, points_per_game, position, skill_level, team_id, id) 
    values
        (?, ?, ?, ?, ?, ?, default)
2025-05-24T11:56:01.102+02:00 DEBUG 20488 --- [BasketballManager] [           main] org.hibernate.SQL                        : 
    insert 
    into
        players
        (jersey_number, name, points_per_game, position, skill_level, team_id, id) 
    values
        (?, ?, ?, ?, ?, ?, default)
Hibernate: 
    insert 
    into
        players
        (jersey_number, name, points_per_game, position, skill_level, team_id, id) 
    values
        (?, ?, ?, ?, ?, ?, default)
2025-05-24T11:56:01.102+02:00 DEBUG 20488 --- [BasketballManager] [           main] org.hibernate.SQL                        : 
    insert 
    into
        players
        (jersey_number, name, points_per_game, position, skill_level, team_id, id) 
    values
        (?, ?, ?, ?, ?, ?, default)
Hibernate: 
    insert 
    into
        players
        (jersey_number, name, points_per_game, position, skill_level, team_id, id) 
    values
        (?, ?, ?, ?, ?, ?, default)
2025-05-24T11:56:01.102+02:00 DEBUG 20488 --- [BasketballManager] [           main] org.hibernate.SQL                        : 
    insert 
    into
        players
        (jersey_number, name, points_per_game, position, skill_level, team_id, id) 
    values
        (?, ?, ?, ?, ?, ?, default)
Hibernate: 
    insert 
    into
        players
        (jersey_number, name, points_per_game, position, skill_level, team_id, id) 
    values
        (?, ?, ?, ?, ?, ?, default)
Sample data initialized successfully.
2025-05-24T11:56:01.121+02:00 DEBUG 20488 --- [BasketballManager] [           main] org.hibernate.SQL                        : 
    insert 
    into
        team_members
        (team_id, member_id) 
    values
        (?, ?)
Hibernate: 
    insert 
    into
        team_members
        (team_id, member_id) 
    values
        (?, ?)
2025-05-24T11:56:01.121+02:00 DEBUG 20488 --- [BasketballManager] [           main] org.hibernate.SQL                        : 
    insert 
    into
        team_members
        (team_id, member_id) 
    values
        (?, ?)
Hibernate: 
    insert 
    into
        team_members
        (team_id, member_id) 
    values
        (?, ?)
2025-05-24T11:56:01.121+02:00 DEBUG 20488 --- [BasketballManager] [           main] org.hibernate.SQL                        : 
    insert 
    into
        team_members
        (team_id, member_id) 
    values
        (?, ?)
Hibernate: 
    insert 
    into
        team_members
        (team_id, member_id) 
    values
        (?, ?)
2025-05-24T11:56:01.491+02:00 DEBUG 20488 --- [BasketballManager] [           main] org.hibernate.SQL                        : 
    select
        u1_0.id,
        u1_0.password,
        u1_0.roles,
        u1_0.username 
    from
        users u1_0 
    where
        u1_0.username=?
Hibernate: 
    select
        u1_0.id,
        u1_0.password,
        u1_0.roles,
        u1_0.username 
    from
        users u1_0 
    where
        u1_0.username=?
2025-05-24T11:56:01.549+02:00 DEBUG 20488 --- [BasketballManager] [           main] org.hibernate.SQL                        : 
    insert 
    into
        users
        (password, roles, username, id) 
    values
        (?, ?, ?, default)
Hibernate: 
    insert 
    into
        users
        (password, roles, username, id) 
    values
        (?, ?, ?, default)
2025-05-24T11:56:01.549+02:00 DEBUG 20488 --- [BasketballManager] [           main] org.hibernate.SQL                        : 
    select
        u1_0.id,
        u1_0.password,
        u1_0.roles,
        u1_0.username 
    from
        users u1_0 
    where
        u1_0.username=?
Hibernate: 
    select
        u1_0.id,
        u1_0.password,
        u1_0.roles,
        u1_0.username 
    from
        users u1_0 
    where
        u1_0.username=?
2025-05-24T11:56:01.619+02:00 DEBUG 20488 --- [BasketballManager] [           main] org.hibernate.SQL                        : 
    insert 
    into
        users
        (password, roles, username, id) 
    values
        (?, ?, ?, default)
Hibernate: 
    insert 
    into
        users
        (password, roles, username, id) 
    values
        (?, ?, ?, default)
2025-05-24T11:56:01.683+02:00 DEBUG 20488 --- [BasketballManager] [           main] org.hibernate.SQL                        : 
    insert 
    into
        users
        (password, roles, username, id) 
    values
        (?, ?, ?, default)
Hibernate: 
    insert 
    into
        users
        (password, roles, username, id) 
    values
        (?, ?, ?, default)
2025-05-24T11:56:01.742+02:00 DEBUG 20488 --- [BasketballManager] [           main] org.hibernate.SQL                        : 
    select
        u1_0.id,
        u1_0.password,
        u1_0.roles,
        u1_0.username 
    from
        users u1_0 
    where
        u1_0.username=?
Hibernate: 
    select
        u1_0.id,
        u1_0.password,
        u1_0.roles,
        u1_0.username 
    from
        users u1_0 
    where
        u1_0.username=?
]]></system-out>
    <system-err><![CDATA[Mockito is currently self-attaching to enable the inline-mock-maker. This will no longer work in future releases of the JDK. Please add Mockito as an agent to your build what is described in Mockito's documentation: https://javadoc.io/doc/org.mockito/mockito-core/latest/org/mockito/Mockito.html#0.3
WARNING: A Java agent has been loaded dynamically (C:\Users\venda\.m2\repository\net\bytebuddy\byte-buddy-agent\1.15.11\byte-buddy-agent-1.15.11.jar)
WARNING: If a serviceability tool is in use, please run with -XX:+EnableDynamicAgentLoading to hide this warning
WARNING: If a serviceability tool is not in use, please run with -Djdk.instrument.traceUsage for more information
WARNING: Dynamic loading of agents will be disallowed by default in a future release
]]></system-err>
  </testcase>
  <testcase name="testUsernameUniqueness" classname="cz.uhk.kpro2.Kpro2ApplicationTests" time="0.147">
    <system-out><![CDATA[2025-05-24T11:56:01.766+02:00 DEBUG 20488 --- [BasketballManager] [           main] org.hibernate.SQL                        : 
    select
        u1_0.id,
        u1_0.password,
        u1_0.roles,
        u1_0.username 
    from
        users u1_0 
    where
        u1_0.username=?
Hibernate: 
    select
        u1_0.id,
        u1_0.password,
        u1_0.roles,
        u1_0.username 
    from
        users u1_0 
    where
        u1_0.username=?
2025-05-24T11:56:01.815+02:00 DEBUG 20488 --- [BasketballManager] [           main] org.hibernate.SQL                        : 
    insert 
    into
        users
        (password, roles, username, id) 
    values
        (?, ?, ?, default)
Hibernate: 
    insert 
    into
        users
        (password, roles, username, id) 
    values
        (?, ?, ?, default)
2025-05-24T11:56:01.831+02:00 DEBUG 20488 --- [BasketballManager] [           main] org.hibernate.SQL                        : 
    select
        u1_0.id,
        u1_0.password,
        u1_0.roles,
        u1_0.username 
    from
        users u1_0 
    where
        u1_0.username=?
Hibernate: 
    select
        u1_0.id,
        u1_0.password,
        u1_0.roles,
        u1_0.username 
    from
        users u1_0 
    where
        u1_0.username=?
2025-05-24T11:56:01.893+02:00 DEBUG 20488 --- [BasketballManager] [           main] org.hibernate.SQL                        : 
    insert 
    into
        users
        (password, roles, username, id) 
    values
        (?, ?, ?, default)
Hibernate: 
    insert 
    into
        users
        (password, roles, username, id) 
    values
        (?, ?, ?, default)
2025-05-24T11:56:01.898+02:00 DEBUG 20488 --- [BasketballManager] [           main] org.hibernate.SQL                        : 
    select
        u1_0.id,
        u1_0.password,
        u1_0.roles,
        u1_0.username 
    from
        users u1_0 
    where
        u1_0.username=?
Hibernate: 
    select
        u1_0.id,
        u1_0.password,
        u1_0.roles,
        u1_0.username 
    from
        users u1_0 
    where
        u1_0.username=?
2025-05-24T11:56:01.900+02:00 DEBUG 20488 --- [BasketballManager] [           main] org.hibernate.SQL                        : 
    select
        u1_0.id,
        u1_0.password,
        u1_0.roles,
        u1_0.username 
    from
        users u1_0 
    where
        u1_0.username=?
Hibernate: 
    select
        u1_0.id,
        u1_0.password,
        u1_0.roles,
        u1_0.username 
    from
        users u1_0 
    where
        u1_0.username=?
2025-05-24T11:56:01.902+02:00 DEBUG 20488 --- [BasketballManager] [           main] org.hibernate.SQL                        : 
    select
        u1_0.id,
        u1_0.password,
        u1_0.roles,
        u1_0.username 
    from
        users u1_0 
    where
        u1_0.username=?
Hibernate: 
    select
        u1_0.id,
        u1_0.password,
        u1_0.roles,
        u1_0.username 
    from
        users u1_0 
    where
        u1_0.username=?
]]></system-out>
  </testcase>
  <testcase name="testTeamAndPlayerFullLifecycle" classname="cz.uhk.kpro2.Kpro2ApplicationTests" time="0.146">
    <failure message="Team should have players ==&gt; expected: &lt;false&gt; but was: &lt;true&gt;" type="org.opentest4j.AssertionFailedError"><![CDATA[org.opentest4j.AssertionFailedError: Team should have players ==> expected: <false> but was: <true>
	at org.junit.jupiter.api.AssertionFailureBuilder.build(AssertionFailureBuilder.java:151)
	at org.junit.jupiter.api.AssertionFailureBuilder.buildAndThrow(AssertionFailureBuilder.java:132)
	at org.junit.jupiter.api.AssertFalse.failNotFalse(AssertFalse.java:63)
	at org.junit.jupiter.api.AssertFalse.assertFalse(AssertFalse.java:36)
	at org.junit.jupiter.api.Assertions.assertFalse(Assertions.java:239)
	at cz.uhk.kpro2.Kpro2ApplicationTests.testTeamAndPlayerFullLifecycle(Kpro2ApplicationTests.java:150)
	at java.base/java.lang.reflect.Method.invoke(Method.java:580)
	at java.base/java.util.ArrayList.forEach(ArrayList.java:1596)
	at java.base/java.util.ArrayList.forEach(ArrayList.java:1596)
]]></failure>
    <system-out><![CDATA[2025-05-24T11:56:01.909+02:00 DEBUG 20488 --- [BasketballManager] [           main] org.hibernate.SQL                        : 
    select
        u1_0.id,
        u1_0.password,
        u1_0.roles,
        u1_0.username 
    from
        users u1_0 
    where
        u1_0.username=?
Hibernate: 
    select
        u1_0.id,
        u1_0.password,
        u1_0.roles,
        u1_0.username 
    from
        users u1_0 
    where
        u1_0.username=?
2025-05-24T11:56:01.968+02:00 DEBUG 20488 --- [BasketballManager] [           main] org.hibernate.SQL                        : 
    insert 
    into
        users
        (password, roles, username, id) 
    values
        (?, ?, ?, default)
Hibernate: 
    insert 
    into
        users
        (password, roles, username, id) 
    values
        (?, ?, ?, default)
2025-05-24T11:56:01.968+02:00 DEBUG 20488 --- [BasketballManager] [           main] org.hibernate.SQL                        : 
    select
        u1_0.id,
        u1_0.password,
        u1_0.roles,
        u1_0.username 
    from
        users u1_0 
    where
        u1_0.username=?
Hibernate: 
    select
        u1_0.id,
        u1_0.password,
        u1_0.roles,
        u1_0.username 
    from
        users u1_0 
    where
        u1_0.username=?
2025-05-24T11:56:02.035+02:00 DEBUG 20488 --- [BasketballManager] [           main] org.hibernate.SQL                        : 
    insert 
    into
        users
        (password, roles, username, id) 
    values
        (?, ?, ?, default)
Hibernate: 
    insert 
    into
        users
        (password, roles, username, id) 
    values
        (?, ?, ?, default)
2025-05-24T11:56:02.037+02:00 DEBUG 20488 --- [BasketballManager] [           main] org.hibernate.SQL                        : 
    insert 
    into
        coaches
        (experience_years, name, id) 
    values
        (?, ?, default)
Hibernate: 
    insert 
    into
        coaches
        (experience_years, name, id) 
    values
        (?, ?, default)
2025-05-24T11:56:02.037+02:00 DEBUG 20488 --- [BasketballManager] [           main] org.hibernate.SQL                        : 
    insert 
    into
        teams
        (coach_id, name, id) 
    values
        (?, ?, default)
Hibernate: 
    insert 
    into
        teams
        (coach_id, name, id) 
    values
        (?, ?, default)
2025-05-24T11:56:02.037+02:00 DEBUG 20488 --- [BasketballManager] [           main] org.hibernate.SQL                        : 
    insert 
    into
        players
        (jersey_number, name, points_per_game, position, skill_level, team_id, id) 
    values
        (?, ?, ?, ?, ?, ?, default)
Hibernate: 
    insert 
    into
        players
        (jersey_number, name, points_per_game, position, skill_level, team_id, id) 
    values
        (?, ?, ?, ?, ?, ?, default)
]]></system-out>
  </testcase>
  <testcase name="testCoachCreationAndDeletion" classname="cz.uhk.kpro2.Kpro2ApplicationTests" time="0.142">
    <system-out><![CDATA[2025-05-24T11:56:02.058+02:00 DEBUG 20488 --- [BasketballManager] [           main] org.hibernate.SQL                        : 
    select
        u1_0.id,
        u1_0.password,
        u1_0.roles,
        u1_0.username 
    from
        users u1_0 
    where
        u1_0.username=?
Hibernate: 
    select
        u1_0.id,
        u1_0.password,
        u1_0.roles,
        u1_0.username 
    from
        users u1_0 
    where
        u1_0.username=?
2025-05-24T11:56:02.121+02:00 DEBUG 20488 --- [BasketballManager] [           main] org.hibernate.SQL                        : 
    insert 
    into
        users
        (password, roles, username, id) 
    values
        (?, ?, ?, default)
Hibernate: 
    insert 
    into
        users
        (password, roles, username, id) 
    values
        (?, ?, ?, default)
2025-05-24T11:56:02.123+02:00 DEBUG 20488 --- [BasketballManager] [           main] org.hibernate.SQL                        : 
    select
        u1_0.id,
        u1_0.password,
        u1_0.roles,
        u1_0.username 
    from
        users u1_0 
    where
        u1_0.username=?
Hibernate: 
    select
        u1_0.id,
        u1_0.password,
        u1_0.roles,
        u1_0.username 
    from
        users u1_0 
    where
        u1_0.username=?
2025-05-24T11:56:02.183+02:00 DEBUG 20488 --- [BasketballManager] [           main] org.hibernate.SQL                        : 
    insert 
    into
        users
        (password, roles, username, id) 
    values
        (?, ?, ?, default)
Hibernate: 
    insert 
    into
        users
        (password, roles, username, id) 
    values
        (?, ?, ?, default)
2025-05-24T11:56:02.183+02:00 DEBUG 20488 --- [BasketballManager] [           main] org.hibernate.SQL                        : 
    insert 
    into
        coaches
        (experience_years, name, id) 
    values
        (?, ?, default)
Hibernate: 
    insert 
    into
        coaches
        (experience_years, name, id) 
    values
        (?, ?, default)
]]></system-out>
  </testcase>
  <testcase name="contextLoads" classname="cz.uhk.kpro2.Kpro2ApplicationTests" time="0.136">
    <system-out><![CDATA[2025-05-24T11:56:02.200+02:00 DEBUG 20488 --- [BasketballManager] [           main] org.hibernate.SQL                        : 
    select
        u1_0.id,
        u1_0.password,
        u1_0.roles,
        u1_0.username 
    from
        users u1_0 
    where
        u1_0.username=?
Hibernate: 
    select
        u1_0.id,
        u1_0.password,
        u1_0.roles,
        u1_0.username 
    from
        users u1_0 
    where
        u1_0.username=?
2025-05-24T11:56:02.255+02:00 DEBUG 20488 --- [BasketballManager] [           main] org.hibernate.SQL                        : 
    insert 
    into
        users
        (password, roles, username, id) 
    values
        (?, ?, ?, default)
Hibernate: 
    insert 
    into
        users
        (password, roles, username, id) 
    values
        (?, ?, ?, default)
2025-05-24T11:56:02.265+02:00 DEBUG 20488 --- [BasketballManager] [           main] org.hibernate.SQL                        : 
    select
        u1_0.id,
        u1_0.password,
        u1_0.roles,
        u1_0.username 
    from
        users u1_0 
    where
        u1_0.username=?
Hibernate: 
    select
        u1_0.id,
        u1_0.password,
        u1_0.roles,
        u1_0.username 
    from
        users u1_0 
    where
        u1_0.username=?
2025-05-24T11:56:02.327+02:00 DEBUG 20488 --- [BasketballManager] [           main] org.hibernate.SQL                        : 
    insert 
    into
        users
        (password, roles, username, id) 
    values
        (?, ?, ?, default)
Hibernate: 
    insert 
    into
        users
        (password, roles, username, id) 
    values
        (?, ?, ?, default)
]]></system-out>
  </testcase>
  <testcase name="testPasswordEncodingOnUserUpdate" classname="cz.uhk.kpro2.Kpro2ApplicationTests" time="0.15">
    <error message="could not execute statement [Pro sloupec &quot;PASSWORD&quot; není hodnota NULL povolena&#10;NULL not allowed for column &quot;PASSWORD&quot;; SQL statement:&#10;update users set password=?,roles=?,username=? where id=? [23502-232]] [update users set password=?,roles=?,username=? where id=?]; SQL [update users set password=?,roles=?,username=? where id=?]; constraint [null]" type="org.springframework.dao.DataIntegrityViolationException"><![CDATA[org.springframework.dao.DataIntegrityViolationException: 
could not execute statement [Pro sloupec "PASSWORD" není hodnota NULL povolena
NULL not allowed for column "PASSWORD"; SQL statement:
update users set password=?,roles=?,username=? where id=? [23502-232]] [update users set password=?,roles=?,username=? where id=?]; SQL [update users set password=?,roles=?,username=? where id=?]; constraint [null]
	at org.springframework.orm.jpa.vendor.HibernateJpaDialect.convertHibernateAccessException(HibernateJpaDialect.java:294)
	at org.springframework.orm.jpa.vendor.HibernateJpaDialect.convertHibernateAccessException(HibernateJpaDialect.java:256)
	at org.springframework.orm.jpa.vendor.HibernateJpaDialect.translateExceptionIfPossible(HibernateJpaDialect.java:241)
	at org.springframework.orm.jpa.AbstractEntityManagerFactoryBean.translateExceptionIfPossible(AbstractEntityManagerFactoryBean.java:560)
	at org.springframework.dao.support.ChainedPersistenceExceptionTranslator.translateExceptionIfPossible(ChainedPersistenceExceptionTranslator.java:61)
	at org.springframework.dao.support.DataAccessUtils.translateIfNecessary(DataAccessUtils.java:343)
	at org.springframework.dao.support.PersistenceExceptionTranslationInterceptor.invoke(PersistenceExceptionTranslationInterceptor.java:160)
	at org.springframework.aop.framework.ReflectiveMethodInvocation.proceed(ReflectiveMethodInvocation.java:184)
	at org.springframework.data.jpa.repository.support.CrudMethodMetadataPostProcessor$CrudMethodMetadataPopulatingMethodInterceptor.invoke(CrudMethodMetadataPostProcessor.java:136)
	at org.springframework.aop.framework.ReflectiveMethodInvocation.proceed(ReflectiveMethodInvocation.java:184)
	at org.springframework.aop.framework.JdkDynamicAopProxy.invoke(JdkDynamicAopProxy.java:223)
	at jdk.proxy2/jdk.proxy2.$Proxy138.findByUsername(Unknown Source)
	at cz.uhk.kpro2.service.UserServiceImpl.findByUsername(UserServiceImpl.java:76)
	at java.base/jdk.internal.reflect.DirectMethodHandleAccessor.invoke(DirectMethodHandleAccessor.java:103)
	at java.base/java.lang.reflect.Method.invoke(Method.java:580)
	at org.springframework.aop.support.AopUtils.invokeJoinpointUsingReflection(AopUtils.java:359)
	at org.springframework.aop.framework.ReflectiveMethodInvocation.invokeJoinpoint(ReflectiveMethodInvocation.java:196)
	at org.springframework.aop.framework.ReflectiveMethodInvocation.proceed(ReflectiveMethodInvocation.java:163)
	at org.springframework.transaction.interceptor.TransactionAspectSupport.invokeWithinTransaction(TransactionAspectSupport.java:380)
	at org.springframework.transaction.interceptor.TransactionInterceptor.invoke(TransactionInterceptor.java:119)
	at org.springframework.aop.framework.ReflectiveMethodInvocation.proceed(ReflectiveMethodInvocation.java:184)
	at org.springframework.aop.framework.CglibAopProxy$DynamicAdvisedInterceptor.intercept(CglibAopProxy.java:728)
	at cz.uhk.kpro2.service.UserServiceImpl$$SpringCGLIB$$0.findByUsername(<generated>)
	at cz.uhk.kpro2.Kpro2ApplicationTests.testPasswordEncodingOnUserUpdate(Kpro2ApplicationTests.java:187)
	at java.base/java.lang.reflect.Method.invoke(Method.java:580)
	at java.base/java.util.ArrayList.forEach(ArrayList.java:1596)
	at java.base/java.util.ArrayList.forEach(ArrayList.java:1596)
Caused by: org.hibernate.exception.ConstraintViolationException: could not execute statement [Pro sloupec "PASSWORD" není hodnota NULL povolena
NULL not allowed for column "PASSWORD"; SQL statement:
update users set password=?,roles=?,username=? where id=? [23502-232]] [update users set password=?,roles=?,username=? where id=?]
	at org.hibernate.exception.internal.SQLExceptionTypeDelegate.convert(SQLExceptionTypeDelegate.java:62)
	at org.hibernate.exception.internal.StandardSQLExceptionConverter.convert(StandardSQLExceptionConverter.java:58)
	at org.hibernate.engine.jdbc.spi.SqlExceptionHelper.convert(SqlExceptionHelper.java:108)
	at org.hibernate.engine.jdbc.internal.ResultSetReturnImpl.executeUpdate(ResultSetReturnImpl.java:197)
	at org.hibernate.engine.jdbc.mutation.internal.AbstractMutationExecutor.performNonBatchedMutation(AbstractMutationExecutor.java:134)
	at org.hibernate.engine.jdbc.mutation.internal.MutationExecutorSingleNonBatched.performNonBatchedOperations(MutationExecutorSingleNonBatched.java:55)
	at org.hibernate.engine.jdbc.mutation.internal.AbstractMutationExecutor.execute(AbstractMutationExecutor.java:55)
	at org.hibernate.persister.entity.mutation.UpdateCoordinatorStandard.doStaticUpdate(UpdateCoordinatorStandard.java:781)
	at org.hibernate.persister.entity.mutation.UpdateCoordinatorStandard.performUpdate(UpdateCoordinatorStandard.java:328)
	at org.hibernate.persister.entity.mutation.UpdateCoordinatorStandard.update(UpdateCoordinatorStandard.java:245)
	at org.hibernate.action.internal.EntityUpdateAction.execute(EntityUpdateAction.java:169)
	at org.hibernate.engine.spi.ActionQueue.executeActions(ActionQueue.java:644)
	at org.hibernate.engine.spi.ActionQueue.executeActions(ActionQueue.java:511)
	at org.hibernate.event.internal.AbstractFlushingEventListener.performExecutions(AbstractFlushingEventListener.java:414)
	at org.hibernate.event.internal.DefaultAutoFlushEventListener.onAutoFlush(DefaultAutoFlushEventListener.java:67)
	at org.hibernate.event.service.internal.EventListenerGroupImpl.fireEventOnEachListener(EventListenerGroupImpl.java:127)
	at org.hibernate.internal.SessionImpl.autoFlushIfRequired(SessionImpl.java:1379)
	at org.hibernate.query.sqm.internal.ConcreteSqmSelectQueryPlan.lambda$new$1(ConcreteSqmSelectQueryPlan.java:145)
	at org.hibernate.query.sqm.internal.ConcreteSqmSelectQueryPlan.withCacheableSqmInterpretation(ConcreteSqmSelectQueryPlan.java:442)
	at org.hibernate.query.sqm.internal.ConcreteSqmSelectQueryPlan.performList(ConcreteSqmSelectQueryPlan.java:362)
	at org.hibernate.query.sqm.internal.QuerySqmImpl.doList(QuerySqmImpl.java:380)
	at org.hibernate.query.spi.AbstractSelectionQuery.list(AbstractSelectionQuery.java:143)
	at org.hibernate.query.spi.AbstractSelectionQuery.getSingleResult(AbstractSelectionQuery.java:275)
	at org.springframework.data.jpa.repository.query.JpaQueryExecution$SingleEntityExecution.doExecute(JpaQueryExecution.java:224)
	at org.springframework.data.jpa.repository.query.JpaQueryExecution.execute(JpaQueryExecution.java:93)
	at org.springframework.data.jpa.repository.query.AbstractJpaQuery.doExecute(AbstractJpaQuery.java:152)
	at org.springframework.data.jpa.repository.query.AbstractJpaQuery.execute(AbstractJpaQuery.java:140)
	at org.springframework.data.repository.core.support.RepositoryMethodInvoker.doInvoke(RepositoryMethodInvoker.java:170)
	at org.springframework.data.repository.core.support.RepositoryMethodInvoker.invoke(RepositoryMethodInvoker.java:158)
	at org.springframework.data.repository.core.support.QueryExecutorMethodInterceptor.doInvoke(QueryExecutorMethodInterceptor.java:170)
	at org.springframework.data.repository.core.support.QueryExecutorMethodInterceptor.invoke(QueryExecutorMethodInterceptor.java:149)
	at org.springframework.aop.framework.ReflectiveMethodInvocation.proceed(ReflectiveMethodInvocation.java:184)
	at org.springframework.data.projection.DefaultMethodInvokingMethodInterceptor.invoke(DefaultMethodInvokingMethodInterceptor.java:69)
	at org.springframework.aop.framework.ReflectiveMethodInvocation.proceed(ReflectiveMethodInvocation.java:184)
	at org.springframework.transaction.interceptor.TransactionAspectSupport.invokeWithinTransaction(TransactionAspectSupport.java:380)
	at org.springframework.transaction.interceptor.TransactionInterceptor.invoke(TransactionInterceptor.java:119)
	at org.springframework.aop.framework.ReflectiveMethodInvocation.proceed(ReflectiveMethodInvocation.java:184)
	at org.springframework.dao.support.PersistenceExceptionTranslationInterceptor.invoke(PersistenceExceptionTranslationInterceptor.java:138)
	... 20 more
Caused by: org.h2.jdbc.JdbcSQLIntegrityConstraintViolationException: Pro sloupec "PASSWORD" není hodnota NULL povolena
NULL not allowed for column "PASSWORD"; SQL statement:
update users set password=?,roles=?,username=? where id=? [23502-232]
	at org.h2.message.DbException.getJdbcSQLException(DbException.java:520)
	at org.h2.message.DbException.getJdbcSQLException(DbException.java:489)
	at org.h2.message.DbException.get(DbException.java:223)
	at org.h2.message.DbException.get(DbException.java:199)
	at org.h2.table.Column.validateConvertUpdateSequence(Column.java:402)
	at org.h2.table.Table.convertUpdateRow(Table.java:1005)
	at org.h2.command.dml.SetClauseList.prepareUpdate(SetClauseList.java:149)
	at org.h2.command.dml.Update.update(Update.java:82)
	at org.h2.command.dml.DataChangeStatement.update(DataChangeStatement.java:74)
	at org.h2.command.CommandContainer.update(CommandContainer.java:139)
	at org.h2.command.Command.executeUpdate(Command.java:304)
	at org.h2.command.Command.executeUpdate(Command.java:248)
	at org.h2.jdbc.JdbcPreparedStatement.executeUpdateInternal(JdbcPreparedStatement.java:213)
	at org.h2.jdbc.JdbcPreparedStatement.executeUpdate(JdbcPreparedStatement.java:172)
	at com.zaxxer.hikari.pool.ProxyPreparedStatement.executeUpdate(ProxyPreparedStatement.java:61)
	at com.zaxxer.hikari.pool.HikariProxyPreparedStatement.executeUpdate(HikariProxyPreparedStatement.java)
	at org.hibernate.engine.jdbc.internal.ResultSetReturnImpl.executeUpdate(ResultSetReturnImpl.java:194)
	... 54 more
]]></error>
    <system-out><![CDATA[2025-05-24T11:56:02.333+02:00 DEBUG 20488 --- [BasketballManager] [           main] org.hibernate.SQL                        : 
    select
        u1_0.id,
        u1_0.password,
        u1_0.roles,
        u1_0.username 
    from
        users u1_0 
    where
        u1_0.username=?
Hibernate: 
    select
        u1_0.id,
        u1_0.password,
        u1_0.roles,
        u1_0.username 
    from
        users u1_0 
    where
        u1_0.username=?
2025-05-24T11:56:02.384+02:00 DEBUG 20488 --- [BasketballManager] [           main] org.hibernate.SQL                        : 
    insert 
    into
        users
        (password, roles, username, id) 
    values
        (?, ?, ?, default)
Hibernate: 
    insert 
    into
        users
        (password, roles, username, id) 
    values
        (?, ?, ?, default)
2025-05-24T11:56:02.384+02:00 DEBUG 20488 --- [BasketballManager] [           main] org.hibernate.SQL                        : 
    select
        u1_0.id,
        u1_0.password,
        u1_0.roles,
        u1_0.username 
    from
        users u1_0 
    where
        u1_0.username=?
Hibernate: 
    select
        u1_0.id,
        u1_0.password,
        u1_0.roles,
        u1_0.username 
    from
        users u1_0 
    where
        u1_0.username=?
2025-05-24T11:56:02.460+02:00 DEBUG 20488 --- [BasketballManager] [           main] org.hibernate.SQL                        : 
    insert 
    into
        users
        (password, roles, username, id) 
    values
        (?, ?, ?, default)
Hibernate: 
    insert 
    into
        users
        (password, roles, username, id) 
    values
        (?, ?, ?, default)
2025-05-24T11:56:02.463+02:00 DEBUG 20488 --- [BasketballManager] [           main] org.hibernate.SQL                        : 
    select
        u1_0.id,
        u1_0.password,
        u1_0.roles,
        u1_0.username 
    from
        users u1_0 
    where
        u1_0.username=?
Hibernate: 
    select
        u1_0.id,
        u1_0.password,
        u1_0.roles,
        u1_0.username 
    from
        users u1_0 
    where
        u1_0.username=?
2025-05-24T11:56:02.469+02:00 DEBUG 20488 --- [BasketballManager] [           main] org.hibernate.SQL                        : 
    update
        users 
    set
        password=?,
        roles=?,
        username=? 
    where
        id=?
Hibernate: 
    update
        users 
    set
        password=?,
        roles=?,
        username=? 
    where
        id=?
2025-05-24T11:56:02.473+02:00  WARN 20488 --- [BasketballManager] [           main] o.h.engine.jdbc.spi.SqlExceptionHelper   : SQL Error: 23502, SQLState: 23502
2025-05-24T11:56:02.473+02:00 ERROR 20488 --- [BasketballManager] [           main] o.h.engine.jdbc.spi.SqlExceptionHelper   : Pro sloupec "PASSWORD" není hodnota NULL povolena
NULL not allowed for column "PASSWORD"; SQL statement:
update users set password=?,roles=?,username=? where id=? [23502-232]
]]></system-out>
  </testcase>
</testsuite>