<?xml version="1.0" encoding="UTF-8"?>
<testsuite xmlns:xsi="http://www.w3.org/2001/XMLSchema-instance" xsi:noNamespaceSchemaLocation="https://maven.apache.org/surefire/maven-surefire-plugin/xsd/surefire-test-report.xsd" version="3.0.2" name="cz.uhk.kpro2.service.UserServiceImplTest" time="3.627" tests="15" errors="0" skipped="0" failures="0">
  <properties>
[...]
</properties>
  <testcase name="testSaveNewUser_defaultRole" classname="cz.uhk.kpro2.service.UserServiceImplTest" time="0.323">
    <system-out><![CDATA[2025-05-25T21:11:50.729+02:00  INFO 16236 --- [BasketballManager] [           main] t.c.s.AnnotationConfigContextLoaderUtils : Could not detect default configuration classes for test class [cz.uhk.kpro2.service.UserServiceImplTest]: UserServiceImplTest does not declare any static, non-private, non-final, nested classes annotated with @Configuration.
2025-05-25T21:11:50.757+02:00  INFO 16236 --- [BasketballManager] [           main] .b.t.c.SpringBootTestContextBootstrapper : Found @SpringBootConfiguration cz.uhk.kpro2.Kpro2Application for test class cz.uhk.kpro2.service.UserServiceImplTest
2025-05-25T21:11:50.776+02:00 DEBUG 16236 --- [BasketballManager] [           main] org.hibernate.SQL                        : 
    select
        u1_0.id,
        u1_0.password,
        u1_0.roles,
        u1_0.username 
    from
        users u1_0 
    where
        u1_0.username=?
Hibernate: 
    select
        u1_0.id,
        u1_0.password,
        u1_0.roles,
        u1_0.username 
    from
        users u1_0 
    where
        u1_0.username=?
2025-05-25T21:11:50.779+02:00 DEBUG 16236 --- [BasketballManager] [           main] org.hibernate.SQL                        : 
    select
        u1_0.id,
        u1_0.password,
        u1_0.roles,
        u1_0.username 
    from
        users u1_0 
    where
        u1_0.username=?
Hibernate: 
    select
        u1_0.id,
        u1_0.password,
        u1_0.roles,
        u1_0.username 
    from
        users u1_0 
    where
        u1_0.username=?
2025-05-25T21:11:50.781+02:00 DEBUG 16236 --- [BasketballManager] [           main] org.hibernate.SQL                        : 
    select
        u1_0.id,
        u1_0.password,
        u1_0.roles,
        u1_0.username 
    from
        users u1_0 
    where
        u1_0.username=?
Hibernate: 
    select
        u1_0.id,
        u1_0.password,
        u1_0.roles,
        u1_0.username 
    from
        users u1_0 
    where
        u1_0.username=?
2025-05-25T21:11:50.880+02:00 DEBUG 16236 --- [BasketballManager] [           main] org.hibernate.SQL                        : 
    insert 
    into
        users
        (password, roles, username, id) 
    values
        (?, ?, ?, default)
Hibernate: 
    insert 
    into
        users
        (password, roles, username, id) 
    values
        (?, ?, ?, default)
2025-05-25T21:11:50.944+02:00 DEBUG 16236 --- [BasketballManager] [           main] org.hibernate.SQL                        : 
    insert 
    into
        users
        (password, roles, username, id) 
    values
        (?, ?, ?, default)
Hibernate: 
    insert 
    into
        users
        (password, roles, username, id) 
    values
        (?, ?, ?, default)
2025-05-25T21:11:51.010+02:00 DEBUG 16236 --- [BasketballManager] [           main] org.hibernate.SQL                        : 
    insert 
    into
        users
        (password, roles, username, id) 
    values
        (?, ?, ?, default)
Hibernate: 
    insert 
    into
        users
        (password, roles, username, id) 
    values
        (?, ?, ?, default)
2025-05-25T21:11:51.078+02:00 DEBUG 16236 --- [BasketballManager] [           main] org.hibernate.SQL                        : 
    insert 
    into
        users
        (password, roles, username, id) 
    values
        (?, ?, ?, default)
Hibernate: 
    insert 
    into
        users
        (password, roles, username, id) 
    values
        (?, ?, ?, default)
]]></system-out>
  </testcase>
  <testcase name="testUserCreationAndRetrieval" classname="cz.uhk.kpro2.service.UserServiceImplTest" time="0.34">
    <system-out><![CDATA[2025-05-25T21:11:51.093+02:00 DEBUG 16236 --- [BasketballManager] [           main] org.hibernate.SQL                        : 
    select
        u1_0.id,
        u1_0.password,
        u1_0.roles,
        u1_0.username 
    from
        users u1_0 
    where
        u1_0.username=?
Hibernate: 
    select
        u1_0.id,
        u1_0.password,
        u1_0.roles,
        u1_0.username 
    from
        users u1_0 
    where
        u1_0.username=?
2025-05-25T21:11:51.095+02:00 DEBUG 16236 --- [BasketballManager] [           main] org.hibernate.SQL                        : 
    select
        u1_0.id,
        u1_0.password,
        u1_0.roles,
        u1_0.username 
    from
        users u1_0 
    where
        u1_0.username=?
Hibernate: 
    select
        u1_0.id,
        u1_0.password,
        u1_0.roles,
        u1_0.username 
    from
        users u1_0 
    where
        u1_0.username=?
2025-05-25T21:11:51.097+02:00 DEBUG 16236 --- [BasketballManager] [           main] org.hibernate.SQL                        : 
    select
        u1_0.id,
        u1_0.password,
        u1_0.roles,
        u1_0.username 
    from
        users u1_0 
    where
        u1_0.username=?
Hibernate: 
    select
        u1_0.id,
        u1_0.password,
        u1_0.roles,
        u1_0.username 
    from
        users u1_0 
    where
        u1_0.username=?
2025-05-25T21:11:51.162+02:00 DEBUG 16236 --- [BasketballManager] [           main] org.hibernate.SQL                        : 
    insert 
    into
        users
        (password, roles, username, id) 
    values
        (?, ?, ?, default)
Hibernate: 
    insert 
    into
        users
        (password, roles, username, id) 
    values
        (?, ?, ?, default)
2025-05-25T21:11:51.228+02:00 DEBUG 16236 --- [BasketballManager] [           main] org.hibernate.SQL                        : 
    insert 
    into
        users
        (password, roles, username, id) 
    values
        (?, ?, ?, default)
Hibernate: 
    insert 
    into
        users
        (password, roles, username, id) 
    values
        (?, ?, ?, default)
2025-05-25T21:11:51.293+02:00 DEBUG 16236 --- [BasketballManager] [           main] org.hibernate.SQL                        : 
    insert 
    into
        users
        (password, roles, username, id) 
    values
        (?, ?, ?, default)
Hibernate: 
    insert 
    into
        users
        (password, roles, username, id) 
    values
        (?, ?, ?, default)
2025-05-25T21:11:51.362+02:00 DEBUG 16236 --- [BasketballManager] [           main] org.hibernate.SQL                        : 
    insert 
    into
        users
        (password, roles, username, id) 
    values
        (?, ?, ?, default)
Hibernate: 
    insert 
    into
        users
        (password, roles, username, id) 
    values
        (?, ?, ?, default)
2025-05-25T21:11:51.425+02:00 DEBUG 16236 --- [BasketballManager] [           main] org.hibernate.SQL                        : 
    select
        u1_0.id,
        u1_0.password,
        u1_0.roles,
        u1_0.username 
    from
        users u1_0 
    where
        u1_0.username=?
Hibernate: 
    select
        u1_0.id,
        u1_0.password,
        u1_0.roles,
        u1_0.username 
    from
        users u1_0 
    where
        u1_0.username=?
]]></system-out>
  </testcase>
  <testcase name="testDeleteUser_nonExistingUser" classname="cz.uhk.kpro2.service.UserServiceImplTest" time="0.22">
    <system-out><![CDATA[2025-05-25T21:11:51.435+02:00 DEBUG 16236 --- [BasketballManager] [           main] org.hibernate.SQL                        : 
    select
        u1_0.id,
        u1_0.password,
        u1_0.roles,
        u1_0.username 
    from
        users u1_0 
    where
        u1_0.username=?
Hibernate: 
    select
        u1_0.id,
        u1_0.password,
        u1_0.roles,
        u1_0.username 
    from
        users u1_0 
    where
        u1_0.username=?
2025-05-25T21:11:51.436+02:00 DEBUG 16236 --- [BasketballManager] [           main] org.hibernate.SQL                        : 
    select
        u1_0.id,
        u1_0.password,
        u1_0.roles,
        u1_0.username 
    from
        users u1_0 
    where
        u1_0.username=?
Hibernate: 
    select
        u1_0.id,
        u1_0.password,
        u1_0.roles,
        u1_0.username 
    from
        users u1_0 
    where
        u1_0.username=?
2025-05-25T21:11:51.438+02:00 DEBUG 16236 --- [BasketballManager] [           main] org.hibernate.SQL                        : 
    select
        u1_0.id,
        u1_0.password,
        u1_0.roles,
        u1_0.username 
    from
        users u1_0 
    where
        u1_0.username=?
Hibernate: 
    select
        u1_0.id,
        u1_0.password,
        u1_0.roles,
        u1_0.username 
    from
        users u1_0 
    where
        u1_0.username=?
2025-05-25T21:11:51.502+02:00 DEBUG 16236 --- [BasketballManager] [           main] org.hibernate.SQL                        : 
    insert 
    into
        users
        (password, roles, username, id) 
    values
        (?, ?, ?, default)
Hibernate: 
    insert 
    into
        users
        (password, roles, username, id) 
    values
        (?, ?, ?, default)
2025-05-25T21:11:51.570+02:00 DEBUG 16236 --- [BasketballManager] [           main] org.hibernate.SQL                        : 
    insert 
    into
        users
        (password, roles, username, id) 
    values
        (?, ?, ?, default)
Hibernate: 
    insert 
    into
        users
        (password, roles, username, id) 
    values
        (?, ?, ?, default)
2025-05-25T21:11:51.632+02:00 DEBUG 16236 --- [BasketballManager] [           main] org.hibernate.SQL                        : 
    insert 
    into
        users
        (password, roles, username, id) 
    values
        (?, ?, ?, default)
Hibernate: 
    insert 
    into
        users
        (password, roles, username, id) 
    values
        (?, ?, ?, default)
2025-05-25T21:11:51.644+02:00 DEBUG 16236 --- [BasketballManager] [           main] org.hibernate.SQL                        : 
    select
        u1_0.id,
        u1_0.password,
        u1_0.roles,
        u1_0.username 
    from
        users u1_0 
    where
        u1_0.id=?
Hibernate: 
    select
        u1_0.id,
        u1_0.password,
        u1_0.roles,
        u1_0.username 
    from
        users u1_0 
    where
        u1_0.id=?
2025-05-25T21:11:51.646+02:00 DEBUG 16236 --- [BasketballManager] [           main] org.hibernate.SQL                        : 
    select
        u1_0.id,
        u1_0.password,
        u1_0.roles,
        u1_0.username 
    from
        users u1_0 
    where
        u1_0.id=?
Hibernate: 
    select
        u1_0.id,
        u1_0.password,
        u1_0.roles,
        u1_0.username 
    from
        users u1_0 
    where
        u1_0.id=?
]]></system-out>
  </testcase>
  <testcase name="testSaveNewUser_nullPassword_throwsException" classname="cz.uhk.kpro2.service.UserServiceImplTest" time="0.205">
    <system-out><![CDATA[2025-05-25T21:11:51.655+02:00 DEBUG 16236 --- [BasketballManager] [           main] org.hibernate.SQL                        : 
    select
        u1_0.id,
        u1_0.password,
        u1_0.roles,
        u1_0.username 
    from
        users u1_0 
    where
        u1_0.username=?
Hibernate: 
    select
        u1_0.id,
        u1_0.password,
        u1_0.roles,
        u1_0.username 
    from
        users u1_0 
    where
        u1_0.username=?
2025-05-25T21:11:51.657+02:00 DEBUG 16236 --- [BasketballManager] [           main] org.hibernate.SQL                        : 
    select
        u1_0.id,
        u1_0.password,
        u1_0.roles,
        u1_0.username 
    from
        users u1_0 
    where
        u1_0.username=?
Hibernate: 
    select
        u1_0.id,
        u1_0.password,
        u1_0.roles,
        u1_0.username 
    from
        users u1_0 
    where
        u1_0.username=?
2025-05-25T21:11:51.658+02:00 DEBUG 16236 --- [BasketballManager] [           main] org.hibernate.SQL                        : 
    select
        u1_0.id,
        u1_0.password,
        u1_0.roles,
        u1_0.username 
    from
        users u1_0 
    where
        u1_0.username=?
Hibernate: 
    select
        u1_0.id,
        u1_0.password,
        u1_0.roles,
        u1_0.username 
    from
        users u1_0 
    where
        u1_0.username=?
2025-05-25T21:11:51.723+02:00 DEBUG 16236 --- [BasketballManager] [           main] org.hibernate.SQL                        : 
    insert 
    into
        users
        (password, roles, username, id) 
    values
        (?, ?, ?, default)
Hibernate: 
    insert 
    into
        users
        (password, roles, username, id) 
    values
        (?, ?, ?, default)
2025-05-25T21:11:51.787+02:00 DEBUG 16236 --- [BasketballManager] [           main] org.hibernate.SQL                        : 
    insert 
    into
        users
        (password, roles, username, id) 
    values
        (?, ?, ?, default)
Hibernate: 
    insert 
    into
        users
        (password, roles, username, id) 
    values
        (?, ?, ?, default)
2025-05-25T21:11:51.852+02:00 DEBUG 16236 --- [BasketballManager] [           main] org.hibernate.SQL                        : 
    insert 
    into
        users
        (password, roles, username, id) 
    values
        (?, ?, ?, default)
Hibernate: 
    insert 
    into
        users
        (password, roles, username, id) 
    values
        (?, ?, ?, default)
]]></system-out>
  </testcase>
  <testcase name="testUsernameUniqueness" classname="cz.uhk.kpro2.service.UserServiceImplTest" time="0.225">
    <system-out><![CDATA[2025-05-25T21:11:51.863+02:00 DEBUG 16236 --- [BasketballManager] [           main] org.hibernate.SQL                        : 
    select
        u1_0.id,
        u1_0.password,
        u1_0.roles,
        u1_0.username 
    from
        users u1_0 
    where
        u1_0.username=?
Hibernate: 
    select
        u1_0.id,
        u1_0.password,
        u1_0.roles,
        u1_0.username 
    from
        users u1_0 
    where
        u1_0.username=?
2025-05-25T21:11:51.865+02:00 DEBUG 16236 --- [BasketballManager] [           main] org.hibernate.SQL                        : 
    select
        u1_0.id,
        u1_0.password,
        u1_0.roles,
        u1_0.username 
    from
        users u1_0 
    where
        u1_0.username=?
Hibernate: 
    select
        u1_0.id,
        u1_0.password,
        u1_0.roles,
        u1_0.username 
    from
        users u1_0 
    where
        u1_0.username=?
2025-05-25T21:11:51.866+02:00 DEBUG 16236 --- [BasketballManager] [           main] org.hibernate.SQL                        : 
    select
        u1_0.id,
        u1_0.password,
        u1_0.roles,
        u1_0.username 
    from
        users u1_0 
    where
        u1_0.username=?
Hibernate: 
    select
        u1_0.id,
        u1_0.password,
        u1_0.roles,
        u1_0.username 
    from
        users u1_0 
    where
        u1_0.username=?
2025-05-25T21:11:51.934+02:00 DEBUG 16236 --- [BasketballManager] [           main] org.hibernate.SQL                        : 
    insert 
    into
        users
        (password, roles, username, id) 
    values
        (?, ?, ?, default)
Hibernate: 
    insert 
    into
        users
        (password, roles, username, id) 
    values
        (?, ?, ?, default)
2025-05-25T21:11:52.002+02:00 DEBUG 16236 --- [BasketballManager] [           main] org.hibernate.SQL                        : 
    insert 
    into
        users
        (password, roles, username, id) 
    values
        (?, ?, ?, default)
Hibernate: 
    insert 
    into
        users
        (password, roles, username, id) 
    values
        (?, ?, ?, default)
2025-05-25T21:11:52.071+02:00 DEBUG 16236 --- [BasketballManager] [           main] org.hibernate.SQL                        : 
    insert 
    into
        users
        (password, roles, username, id) 
    values
        (?, ?, ?, default)
Hibernate: 
    insert 
    into
        users
        (password, roles, username, id) 
    values
        (?, ?, ?, default)
2025-05-25T21:11:52.077+02:00 DEBUG 16236 --- [BasketballManager] [           main] org.hibernate.SQL                        : 
    select
        u1_0.id,
        u1_0.password,
        u1_0.roles,
        u1_0.username 
    from
        users u1_0 
    where
        u1_0.username=?
Hibernate: 
    select
        u1_0.id,
        u1_0.password,
        u1_0.roles,
        u1_0.username 
    from
        users u1_0 
    where
        u1_0.username=?
2025-05-25T21:11:52.078+02:00 DEBUG 16236 --- [BasketballManager] [           main] org.hibernate.SQL                        : 
    select
        u1_0.id,
        u1_0.password,
        u1_0.roles,
        u1_0.username 
    from
        users u1_0 
    where
        u1_0.username=?
Hibernate: 
    select
        u1_0.id,
        u1_0.password,
        u1_0.roles,
        u1_0.username 
    from
        users u1_0 
    where
        u1_0.username=?
2025-05-25T21:11:52.080+02:00 DEBUG 16236 --- [BasketballManager] [           main] org.hibernate.SQL                        : 
    select
        u1_0.id,
        u1_0.password,
        u1_0.roles,
        u1_0.username 
    from
        users u1_0 
    where
        u1_0.username=?
Hibernate: 
    select
        u1_0.id,
        u1_0.password,
        u1_0.roles,
        u1_0.username 
    from
        users u1_0 
    where
        u1_0.username=?
]]></system-out>
  </testcase>
  <testcase name="testSaveExistingUser_updateNonExisting_throwsException" classname="cz.uhk.kpro2.service.UserServiceImplTest" time="0.215">
    <system-out><![CDATA[2025-05-25T21:11:52.091+02:00 DEBUG 16236 --- [BasketballManager] [           main] org.hibernate.SQL                        : 
    select
        u1_0.id,
        u1_0.password,
        u1_0.roles,
        u1_0.username 
    from
        users u1_0 
    where
        u1_0.username=?
Hibernate: 
    select
        u1_0.id,
        u1_0.password,
        u1_0.roles,
        u1_0.username 
    from
        users u1_0 
    where
        u1_0.username=?
2025-05-25T21:11:52.093+02:00 DEBUG 16236 --- [BasketballManager] [           main] org.hibernate.SQL                        : 
    select
        u1_0.id,
        u1_0.password,
        u1_0.roles,
        u1_0.username 
    from
        users u1_0 
    where
        u1_0.username=?
Hibernate: 
    select
        u1_0.id,
        u1_0.password,
        u1_0.roles,
        u1_0.username 
    from
        users u1_0 
    where
        u1_0.username=?
2025-05-25T21:11:52.094+02:00 DEBUG 16236 --- [BasketballManager] [           main] org.hibernate.SQL                        : 
    select
        u1_0.id,
        u1_0.password,
        u1_0.roles,
        u1_0.username 
    from
        users u1_0 
    where
        u1_0.username=?
Hibernate: 
    select
        u1_0.id,
        u1_0.password,
        u1_0.roles,
        u1_0.username 
    from
        users u1_0 
    where
        u1_0.username=?
2025-05-25T21:11:52.161+02:00 DEBUG 16236 --- [BasketballManager] [           main] org.hibernate.SQL                        : 
    insert 
    into
        users
        (password, roles, username, id) 
    values
        (?, ?, ?, default)
Hibernate: 
    insert 
    into
        users
        (password, roles, username, id) 
    values
        (?, ?, ?, default)
2025-05-25T21:11:52.229+02:00 DEBUG 16236 --- [BasketballManager] [           main] org.hibernate.SQL                        : 
    insert 
    into
        users
        (password, roles, username, id) 
    values
        (?, ?, ?, default)
Hibernate: 
    insert 
    into
        users
        (password, roles, username, id) 
    values
        (?, ?, ?, default)
2025-05-25T21:11:52.294+02:00 DEBUG 16236 --- [BasketballManager] [           main] org.hibernate.SQL                        : 
    insert 
    into
        users
        (password, roles, username, id) 
    values
        (?, ?, ?, default)
Hibernate: 
    insert 
    into
        users
        (password, roles, username, id) 
    values
        (?, ?, ?, default)
2025-05-25T21:11:52.296+02:00 DEBUG 16236 --- [BasketballManager] [           main] org.hibernate.SQL                        : 
    select
        u1_0.id,
        u1_0.password,
        u1_0.roles,
        u1_0.username 
    from
        users u1_0 
    where
        u1_0.id=?
Hibernate: 
    select
        u1_0.id,
        u1_0.password,
        u1_0.roles,
        u1_0.username 
    from
        users u1_0 
    where
        u1_0.id=?
]]></system-out>
  </testcase>
  <testcase name="testGetAllUsers" classname="cz.uhk.kpro2.service.UserServiceImplTest" time="0.279">
    <system-out><![CDATA[2025-05-25T21:11:52.306+02:00 DEBUG 16236 --- [BasketballManager] [           main] org.hibernate.SQL                        : 
    select
        u1_0.id,
        u1_0.password,
        u1_0.roles,
        u1_0.username 
    from
        users u1_0 
    where
        u1_0.username=?
Hibernate: 
    select
        u1_0.id,
        u1_0.password,
        u1_0.roles,
        u1_0.username 
    from
        users u1_0 
    where
        u1_0.username=?
2025-05-25T21:11:52.308+02:00 DEBUG 16236 --- [BasketballManager] [           main] org.hibernate.SQL                        : 
    select
        u1_0.id,
        u1_0.password,
        u1_0.roles,
        u1_0.username 
    from
        users u1_0 
    where
        u1_0.username=?
Hibernate: 
    select
        u1_0.id,
        u1_0.password,
        u1_0.roles,
        u1_0.username 
    from
        users u1_0 
    where
        u1_0.username=?
2025-05-25T21:11:52.310+02:00 DEBUG 16236 --- [BasketballManager] [           main] org.hibernate.SQL                        : 
    select
        u1_0.id,
        u1_0.password,
        u1_0.roles,
        u1_0.username 
    from
        users u1_0 
    where
        u1_0.username=?
Hibernate: 
    select
        u1_0.id,
        u1_0.password,
        u1_0.roles,
        u1_0.username 
    from
        users u1_0 
    where
        u1_0.username=?
2025-05-25T21:11:52.375+02:00 DEBUG 16236 --- [BasketballManager] [           main] org.hibernate.SQL                        : 
    insert 
    into
        users
        (password, roles, username, id) 
    values
        (?, ?, ?, default)
Hibernate: 
    insert 
    into
        users
        (password, roles, username, id) 
    values
        (?, ?, ?, default)
2025-05-25T21:11:52.440+02:00 DEBUG 16236 --- [BasketballManager] [           main] org.hibernate.SQL                        : 
    insert 
    into
        users
        (password, roles, username, id) 
    values
        (?, ?, ?, default)
Hibernate: 
    insert 
    into
        users
        (password, roles, username, id) 
    values
        (?, ?, ?, default)
2025-05-25T21:11:52.503+02:00 DEBUG 16236 --- [BasketballManager] [           main] org.hibernate.SQL                        : 
    insert 
    into
        users
        (password, roles, username, id) 
    values
        (?, ?, ?, default)
Hibernate: 
    insert 
    into
        users
        (password, roles, username, id) 
    values
        (?, ?, ?, default)
2025-05-25T21:11:52.568+02:00 DEBUG 16236 --- [BasketballManager] [           main] org.hibernate.SQL                        : 
    insert 
    into
        users
        (password, roles, username, id) 
    values
        (?, ?, ?, default)
Hibernate: 
    insert 
    into
        users
        (password, roles, username, id) 
    values
        (?, ?, ?, default)
2025-05-25T21:11:52.572+02:00 DEBUG 16236 --- [BasketballManager] [           main] org.hibernate.SQL                        : 
    select
        u1_0.id,
        u1_0.password,
        u1_0.roles,
        u1_0.username 
    from
        users u1_0
Hibernate: 
    select
        u1_0.id,
        u1_0.password,
        u1_0.roles,
        u1_0.username 
    from
        users u1_0
]]></system-out>
  </testcase>
  <testcase name="testGetUser_existing" classname="cz.uhk.kpro2.service.UserServiceImplTest" time="0.201">
    <system-out><![CDATA[2025-05-25T21:11:52.583+02:00 DEBUG 16236 --- [BasketballManager] [           main] org.hibernate.SQL                        : 
    select
        u1_0.id,
        u1_0.password,
        u1_0.roles,
        u1_0.username 
    from
        users u1_0 
    where
        u1_0.username=?
Hibernate: 
    select
        u1_0.id,
        u1_0.password,
        u1_0.roles,
        u1_0.username 
    from
        users u1_0 
    where
        u1_0.username=?
2025-05-25T21:11:52.586+02:00 DEBUG 16236 --- [BasketballManager] [           main] org.hibernate.SQL                        : 
    select
        u1_0.id,
        u1_0.password,
        u1_0.roles,
        u1_0.username 
    from
        users u1_0 
    where
        u1_0.username=?
Hibernate: 
    select
        u1_0.id,
        u1_0.password,
        u1_0.roles,
        u1_0.username 
    from
        users u1_0 
    where
        u1_0.username=?
2025-05-25T21:11:52.587+02:00 DEBUG 16236 --- [BasketballManager] [           main] org.hibernate.SQL                        : 
    select
        u1_0.id,
        u1_0.password,
        u1_0.roles,
        u1_0.username 
    from
        users u1_0 
    where
        u1_0.username=?
Hibernate: 
    select
        u1_0.id,
        u1_0.password,
        u1_0.roles,
        u1_0.username 
    from
        users u1_0 
    where
        u1_0.username=?
2025-05-25T21:11:52.653+02:00 DEBUG 16236 --- [BasketballManager] [           main] org.hibernate.SQL                        : 
    insert 
    into
        users
        (password, roles, username, id) 
    values
        (?, ?, ?, default)
Hibernate: 
    insert 
    into
        users
        (password, roles, username, id) 
    values
        (?, ?, ?, default)
2025-05-25T21:11:52.716+02:00 DEBUG 16236 --- [BasketballManager] [           main] org.hibernate.SQL                        : 
    insert 
    into
        users
        (password, roles, username, id) 
    values
        (?, ?, ?, default)
Hibernate: 
    insert 
    into
        users
        (password, roles, username, id) 
    values
        (?, ?, ?, default)
2025-05-25T21:11:52.778+02:00 DEBUG 16236 --- [BasketballManager] [           main] org.hibernate.SQL                        : 
    insert 
    into
        users
        (password, roles, username, id) 
    values
        (?, ?, ?, default)
Hibernate: 
    insert 
    into
        users
        (password, roles, username, id) 
    values
        (?, ?, ?, default)
]]></system-out>
  </testcase>
  <testcase name="testGetUser_nonExisting" classname="cz.uhk.kpro2.service.UserServiceImplTest" time="0.198">
    <system-out><![CDATA[2025-05-25T21:11:52.786+02:00 DEBUG 16236 --- [BasketballManager] [           main] org.hibernate.SQL                        : 
    select
        u1_0.id,
        u1_0.password,
        u1_0.roles,
        u1_0.username 
    from
        users u1_0 
    where
        u1_0.username=?
Hibernate: 
    select
        u1_0.id,
        u1_0.password,
        u1_0.roles,
        u1_0.username 
    from
        users u1_0 
    where
        u1_0.username=?
2025-05-25T21:11:52.787+02:00 DEBUG 16236 --- [BasketballManager] [           main] org.hibernate.SQL                        : 
    select
        u1_0.id,
        u1_0.password,
        u1_0.roles,
        u1_0.username 
    from
        users u1_0 
    where
        u1_0.username=?
Hibernate: 
    select
        u1_0.id,
        u1_0.password,
        u1_0.roles,
        u1_0.username 
    from
        users u1_0 
    where
        u1_0.username=?
2025-05-25T21:11:52.788+02:00 DEBUG 16236 --- [BasketballManager] [           main] org.hibernate.SQL                        : 
    select
        u1_0.id,
        u1_0.password,
        u1_0.roles,
        u1_0.username 
    from
        users u1_0 
    where
        u1_0.username=?
Hibernate: 
    select
        u1_0.id,
        u1_0.password,
        u1_0.roles,
        u1_0.username 
    from
        users u1_0 
    where
        u1_0.username=?
2025-05-25T21:11:52.851+02:00 DEBUG 16236 --- [BasketballManager] [           main] org.hibernate.SQL                        : 
    insert 
    into
        users
        (password, roles, username, id) 
    values
        (?, ?, ?, default)
Hibernate: 
    insert 
    into
        users
        (password, roles, username, id) 
    values
        (?, ?, ?, default)
2025-05-25T21:11:52.914+02:00 DEBUG 16236 --- [BasketballManager] [           main] org.hibernate.SQL                        : 
    insert 
    into
        users
        (password, roles, username, id) 
    values
        (?, ?, ?, default)
Hibernate: 
    insert 
    into
        users
        (password, roles, username, id) 
    values
        (?, ?, ?, default)
2025-05-25T21:11:52.976+02:00 DEBUG 16236 --- [BasketballManager] [           main] org.hibernate.SQL                        : 
    insert 
    into
        users
        (password, roles, username, id) 
    values
        (?, ?, ?, default)
Hibernate: 
    insert 
    into
        users
        (password, roles, username, id) 
    values
        (?, ?, ?, default)
2025-05-25T21:11:52.979+02:00 DEBUG 16236 --- [BasketballManager] [           main] org.hibernate.SQL                        : 
    select
        u1_0.id,
        u1_0.password,
        u1_0.roles,
        u1_0.username 
    from
        users u1_0 
    where
        u1_0.id=?
Hibernate: 
    select
        u1_0.id,
        u1_0.password,
        u1_0.roles,
        u1_0.username 
    from
        users u1_0 
    where
        u1_0.id=?
]]></system-out>
  </testcase>
  <testcase name="testDeleteUser_existingUser_inTeam" classname="cz.uhk.kpro2.service.UserServiceImplTest" time="0.23">
    <system-out><![CDATA[2025-05-25T21:11:52.986+02:00 DEBUG 16236 --- [BasketballManager] [           main] org.hibernate.SQL                        : 
    select
        u1_0.id,
        u1_0.password,
        u1_0.roles,
        u1_0.username 
    from
        users u1_0 
    where
        u1_0.username=?
Hibernate: 
    select
        u1_0.id,
        u1_0.password,
        u1_0.roles,
        u1_0.username 
    from
        users u1_0 
    where
        u1_0.username=?
2025-05-25T21:11:52.988+02:00 DEBUG 16236 --- [BasketballManager] [           main] org.hibernate.SQL                        : 
    select
        u1_0.id,
        u1_0.password,
        u1_0.roles,
        u1_0.username 
    from
        users u1_0 
    where
        u1_0.username=?
Hibernate: 
    select
        u1_0.id,
        u1_0.password,
        u1_0.roles,
        u1_0.username 
    from
        users u1_0 
    where
        u1_0.username=?
2025-05-25T21:11:52.989+02:00 DEBUG 16236 --- [BasketballManager] [           main] org.hibernate.SQL                        : 
    select
        u1_0.id,
        u1_0.password,
        u1_0.roles,
        u1_0.username 
    from
        users u1_0 
    where
        u1_0.username=?
Hibernate: 
    select
        u1_0.id,
        u1_0.password,
        u1_0.roles,
        u1_0.username 
    from
        users u1_0 
    where
        u1_0.username=?
2025-05-25T21:11:53.052+02:00 DEBUG 16236 --- [BasketballManager] [           main] org.hibernate.SQL                        : 
    insert 
    into
        users
        (password, roles, username, id) 
    values
        (?, ?, ?, default)
Hibernate: 
    insert 
    into
        users
        (password, roles, username, id) 
    values
        (?, ?, ?, default)
2025-05-25T21:11:53.116+02:00 DEBUG 16236 --- [BasketballManager] [           main] org.hibernate.SQL                        : 
    insert 
    into
        users
        (password, roles, username, id) 
    values
        (?, ?, ?, default)
Hibernate: 
    insert 
    into
        users
        (password, roles, username, id) 
    values
        (?, ?, ?, default)
2025-05-25T21:11:53.180+02:00 DEBUG 16236 --- [BasketballManager] [           main] org.hibernate.SQL                        : 
    insert 
    into
        users
        (password, roles, username, id) 
    values
        (?, ?, ?, default)
Hibernate: 
    insert 
    into
        users
        (password, roles, username, id) 
    values
        (?, ?, ?, default)
2025-05-25T21:11:53.182+02:00 DEBUG 16236 --- [BasketballManager] [           main] org.hibernate.SQL                        : 
    insert 
    into
        teams
        (coach_id, name, id) 
    values
        (?, ?, default)
Hibernate: 
    insert 
    into
        teams
        (coach_id, name, id) 
    values
        (?, ?, default)
2025-05-25T21:11:53.186+02:00 DEBUG 16236 --- [BasketballManager] [           main] org.hibernate.SQL                        : 
    select
        t1_0.id,
        t1_0.coach_id,
        t1_0.name 
    from
        teams t1_0
Hibernate: 
    select
        t1_0.id,
        t1_0.coach_id,
        t1_0.name 
    from
        teams t1_0
2025-05-25T21:11:53.197+02:00 DEBUG 16236 --- [BasketballManager] [           main] org.hibernate.SQL                        : 
    select
        m1_0.team_id,
        m1_1.id,
        m1_1.password,
        m1_1.roles,
        m1_1.username 
    from
        team_members m1_0 
    join
        users m1_1 
            on m1_1.id=m1_0.member_id 
    where
        m1_0.team_id=?
Hibernate: 
    select
        m1_0.team_id,
        m1_1.id,
        m1_1.password,
        m1_1.roles,
        m1_1.username 
    from
        team_members m1_0 
    join
        users m1_1 
            on m1_1.id=m1_0.member_id 
    where
        m1_0.team_id=?
2025-05-25T21:11:53.201+02:00 DEBUG 16236 --- [BasketballManager] [           main] org.hibernate.SQL                        : 
    select
        m1_0.team_id,
        m1_1.id,
        m1_1.password,
        m1_1.roles,
        m1_1.username 
    from
        team_members m1_0 
    join
        users m1_1 
            on m1_1.id=m1_0.member_id 
    where
        m1_0.team_id=?
Hibernate: 
    select
        m1_0.team_id,
        m1_1.id,
        m1_1.password,
        m1_1.roles,
        m1_1.username 
    from
        team_members m1_0 
    join
        users m1_1 
            on m1_1.id=m1_0.member_id 
    where
        m1_0.team_id=?
]]></system-out>
  </testcase>
  <testcase name="testPasswordEncodingOnUserUpdate" classname="cz.uhk.kpro2.service.UserServiceImplTest" time="0.334">
    <system-out><![CDATA[2025-05-25T21:11:53.217+02:00 DEBUG 16236 --- [BasketballManager] [           main] org.hibernate.SQL                        : 
    select
        u1_0.id,
        u1_0.password,
        u1_0.roles,
        u1_0.username 
    from
        users u1_0 
    where
        u1_0.username=?
Hibernate: 
    select
        u1_0.id,
        u1_0.password,
        u1_0.roles,
        u1_0.username 
    from
        users u1_0 
    where
        u1_0.username=?
2025-05-25T21:11:53.219+02:00 DEBUG 16236 --- [BasketballManager] [           main] org.hibernate.SQL                        : 
    select
        u1_0.id,
        u1_0.password,
        u1_0.roles,
        u1_0.username 
    from
        users u1_0 
    where
        u1_0.username=?
Hibernate: 
    select
        u1_0.id,
        u1_0.password,
        u1_0.roles,
        u1_0.username 
    from
        users u1_0 
    where
        u1_0.username=?
2025-05-25T21:11:53.222+02:00 DEBUG 16236 --- [BasketballManager] [           main] org.hibernate.SQL                        : 
    select
        u1_0.id,
        u1_0.password,
        u1_0.roles,
        u1_0.username 
    from
        users u1_0 
    where
        u1_0.username=?
Hibernate: 
    select
        u1_0.id,
        u1_0.password,
        u1_0.roles,
        u1_0.username 
    from
        users u1_0 
    where
        u1_0.username=?
2025-05-25T21:11:53.287+02:00 DEBUG 16236 --- [BasketballManager] [           main] org.hibernate.SQL                        : 
    insert 
    into
        users
        (password, roles, username, id) 
    values
        (?, ?, ?, default)
Hibernate: 
    insert 
    into
        users
        (password, roles, username, id) 
    values
        (?, ?, ?, default)
2025-05-25T21:11:53.351+02:00 DEBUG 16236 --- [BasketballManager] [           main] org.hibernate.SQL                        : 
    insert 
    into
        users
        (password, roles, username, id) 
    values
        (?, ?, ?, default)
Hibernate: 
    insert 
    into
        users
        (password, roles, username, id) 
    values
        (?, ?, ?, default)
2025-05-25T21:11:53.417+02:00 DEBUG 16236 --- [BasketballManager] [           main] org.hibernate.SQL                        : 
    insert 
    into
        users
        (password, roles, username, id) 
    values
        (?, ?, ?, default)
Hibernate: 
    insert 
    into
        users
        (password, roles, username, id) 
    values
        (?, ?, ?, default)
2025-05-25T21:11:53.420+02:00 DEBUG 16236 --- [BasketballManager] [           main] org.hibernate.SQL                        : 
    select
        u1_0.id,
        u1_0.password,
        u1_0.roles,
        u1_0.username 
    from
        users u1_0 
    where
        u1_0.username=?
Hibernate: 
    select
        u1_0.id,
        u1_0.password,
        u1_0.roles,
        u1_0.username 
    from
        users u1_0 
    where
        u1_0.username=?
]]></system-out>
  </testcase>
  <testcase name="testSaveNewUser_emptyPassword_throwsException" classname="cz.uhk.kpro2.service.UserServiceImplTest" time="0.205">
    <system-out><![CDATA[2025-05-25T21:11:53.556+02:00 DEBUG 16236 --- [BasketballManager] [           main] org.hibernate.SQL                        : 
    select
        u1_0.id,
        u1_0.password,
        u1_0.roles,
        u1_0.username 
    from
        users u1_0 
    where
        u1_0.username=?
Hibernate: 
    select
        u1_0.id,
        u1_0.password,
        u1_0.roles,
        u1_0.username 
    from
        users u1_0 
    where
        u1_0.username=?
2025-05-25T21:11:53.558+02:00 DEBUG 16236 --- [BasketballManager] [           main] org.hibernate.SQL                        : 
    select
        u1_0.id,
        u1_0.password,
        u1_0.roles,
        u1_0.username 
    from
        users u1_0 
    where
        u1_0.username=?
Hibernate: 
    select
        u1_0.id,
        u1_0.password,
        u1_0.roles,
        u1_0.username 
    from
        users u1_0 
    where
        u1_0.username=?
2025-05-25T21:11:53.560+02:00 DEBUG 16236 --- [BasketballManager] [           main] org.hibernate.SQL                        : 
    select
        u1_0.id,
        u1_0.password,
        u1_0.roles,
        u1_0.username 
    from
        users u1_0 
    where
        u1_0.username=?
Hibernate: 
    select
        u1_0.id,
        u1_0.password,
        u1_0.roles,
        u1_0.username 
    from
        users u1_0 
    where
        u1_0.username=?
2025-05-25T21:11:53.621+02:00 DEBUG 16236 --- [BasketballManager] [           main] org.hibernate.SQL                        : 
    insert 
    into
        users
        (password, roles, username, id) 
    values
        (?, ?, ?, default)
Hibernate: 
    insert 
    into
        users
        (password, roles, username, id) 
    values
        (?, ?, ?, default)
2025-05-25T21:11:53.687+02:00 DEBUG 16236 --- [BasketballManager] [           main] org.hibernate.SQL                        : 
    insert 
    into
        users
        (password, roles, username, id) 
    values
        (?, ?, ?, default)
Hibernate: 
    insert 
    into
        users
        (password, roles, username, id) 
    values
        (?, ?, ?, default)
2025-05-25T21:11:53.754+02:00 DEBUG 16236 --- [BasketballManager] [           main] org.hibernate.SQL                        : 
    insert 
    into
        users
        (password, roles, username, id) 
    values
        (?, ?, ?, default)
Hibernate: 
    insert 
    into
        users
        (password, roles, username, id) 
    values
        (?, ?, ?, default)
]]></system-out>
  </testcase>
  <testcase name="testFindByUsername_nonExisting" classname="cz.uhk.kpro2.service.UserServiceImplTest" time="0.198">
    <system-out><![CDATA[2025-05-25T21:11:53.762+02:00 DEBUG 16236 --- [BasketballManager] [           main] org.hibernate.SQL                        : 
    select
        u1_0.id,
        u1_0.password,
        u1_0.roles,
        u1_0.username 
    from
        users u1_0 
    where
        u1_0.username=?
Hibernate: 
    select
        u1_0.id,
        u1_0.password,
        u1_0.roles,
        u1_0.username 
    from
        users u1_0 
    where
        u1_0.username=?
2025-05-25T21:11:53.764+02:00 DEBUG 16236 --- [BasketballManager] [           main] org.hibernate.SQL                        : 
    select
        u1_0.id,
        u1_0.password,
        u1_0.roles,
        u1_0.username 
    from
        users u1_0 
    where
        u1_0.username=?
Hibernate: 
    select
        u1_0.id,
        u1_0.password,
        u1_0.roles,
        u1_0.username 
    from
        users u1_0 
    where
        u1_0.username=?
2025-05-25T21:11:53.765+02:00 DEBUG 16236 --- [BasketballManager] [           main] org.hibernate.SQL                        : 
    select
        u1_0.id,
        u1_0.password,
        u1_0.roles,
        u1_0.username 
    from
        users u1_0 
    where
        u1_0.username=?
Hibernate: 
    select
        u1_0.id,
        u1_0.password,
        u1_0.roles,
        u1_0.username 
    from
        users u1_0 
    where
        u1_0.username=?
2025-05-25T21:11:53.828+02:00 DEBUG 16236 --- [BasketballManager] [           main] org.hibernate.SQL                        : 
    insert 
    into
        users
        (password, roles, username, id) 
    values
        (?, ?, ?, default)
Hibernate: 
    insert 
    into
        users
        (password, roles, username, id) 
    values
        (?, ?, ?, default)
2025-05-25T21:11:53.890+02:00 DEBUG 16236 --- [BasketballManager] [           main] org.hibernate.SQL                        : 
    insert 
    into
        users
        (password, roles, username, id) 
    values
        (?, ?, ?, default)
Hibernate: 
    insert 
    into
        users
        (password, roles, username, id) 
    values
        (?, ?, ?, default)
2025-05-25T21:11:53.952+02:00 DEBUG 16236 --- [BasketballManager] [           main] org.hibernate.SQL                        : 
    insert 
    into
        users
        (password, roles, username, id) 
    values
        (?, ?, ?, default)
Hibernate: 
    insert 
    into
        users
        (password, roles, username, id) 
    values
        (?, ?, ?, default)
2025-05-25T21:11:53.954+02:00 DEBUG 16236 --- [BasketballManager] [           main] org.hibernate.SQL                        : 
    select
        u1_0.id,
        u1_0.password,
        u1_0.roles,
        u1_0.username 
    from
        users u1_0 
    where
        u1_0.username=?
Hibernate: 
    select
        u1_0.id,
        u1_0.password,
        u1_0.roles,
        u1_0.username 
    from
        users u1_0 
    where
        u1_0.username=?
]]></system-out>
  </testcase>
  <testcase name="testDeleteUser_existingUser_notInTeam" classname="cz.uhk.kpro2.service.UserServiceImplTest" time="0.198">
    <system-out><![CDATA[2025-05-25T21:11:53.960+02:00 DEBUG 16236 --- [BasketballManager] [           main] org.hibernate.SQL                        : 
    select
        u1_0.id,
        u1_0.password,
        u1_0.roles,
        u1_0.username 
    from
        users u1_0 
    where
        u1_0.username=?
Hibernate: 
    select
        u1_0.id,
        u1_0.password,
        u1_0.roles,
        u1_0.username 
    from
        users u1_0 
    where
        u1_0.username=?
2025-05-25T21:11:53.961+02:00 DEBUG 16236 --- [BasketballManager] [           main] org.hibernate.SQL                        : 
    select
        u1_0.id,
        u1_0.password,
        u1_0.roles,
        u1_0.username 
    from
        users u1_0 
    where
        u1_0.username=?
Hibernate: 
    select
        u1_0.id,
        u1_0.password,
        u1_0.roles,
        u1_0.username 
    from
        users u1_0 
    where
        u1_0.username=?
2025-05-25T21:11:53.962+02:00 DEBUG 16236 --- [BasketballManager] [           main] org.hibernate.SQL                        : 
    select
        u1_0.id,
        u1_0.password,
        u1_0.roles,
        u1_0.username 
    from
        users u1_0 
    where
        u1_0.username=?
Hibernate: 
    select
        u1_0.id,
        u1_0.password,
        u1_0.roles,
        u1_0.username 
    from
        users u1_0 
    where
        u1_0.username=?
2025-05-25T21:11:54.023+02:00 DEBUG 16236 --- [BasketballManager] [           main] org.hibernate.SQL                        : 
    insert 
    into
        users
        (password, roles, username, id) 
    values
        (?, ?, ?, default)
Hibernate: 
    insert 
    into
        users
        (password, roles, username, id) 
    values
        (?, ?, ?, default)
2025-05-25T21:11:54.087+02:00 DEBUG 16236 --- [BasketballManager] [           main] org.hibernate.SQL                        : 
    insert 
    into
        users
        (password, roles, username, id) 
    values
        (?, ?, ?, default)
Hibernate: 
    insert 
    into
        users
        (password, roles, username, id) 
    values
        (?, ?, ?, default)
2025-05-25T21:11:54.148+02:00 DEBUG 16236 --- [BasketballManager] [           main] org.hibernate.SQL                        : 
    insert 
    into
        users
        (password, roles, username, id) 
    values
        (?, ?, ?, default)
Hibernate: 
    insert 
    into
        users
        (password, roles, username, id) 
    values
        (?, ?, ?, default)
2025-05-25T21:11:54.150+02:00 DEBUG 16236 --- [BasketballManager] [           main] org.hibernate.SQL                        : 
    select
        t1_0.id,
        t1_0.coach_id,
        t1_0.name 
    from
        teams t1_0
Hibernate: 
    select
        t1_0.id,
        t1_0.coach_id,
        t1_0.name 
    from
        teams t1_0
2025-05-25T21:11:54.152+02:00 DEBUG 16236 --- [BasketballManager] [           main] org.hibernate.SQL                        : 
    select
        m1_0.team_id,
        m1_1.id,
        m1_1.password,
        m1_1.roles,
        m1_1.username 
    from
        team_members m1_0 
    join
        users m1_1 
            on m1_1.id=m1_0.member_id 
    where
        m1_0.team_id=?
Hibernate: 
    select
        m1_0.team_id,
        m1_1.id,
        m1_1.password,
        m1_1.roles,
        m1_1.username 
    from
        team_members m1_0 
    join
        users m1_1 
            on m1_1.id=m1_0.member_id 
    where
        m1_0.team_id=?
2025-05-25T21:11:54.153+02:00 DEBUG 16236 --- [BasketballManager] [           main] org.hibernate.SQL                        : 
    select
        m1_0.team_id,
        m1_1.id,
        m1_1.password,
        m1_1.roles,
        m1_1.username 
    from
        team_members m1_0 
    join
        users m1_1 
            on m1_1.id=m1_0.member_id 
    where
        m1_0.team_id=?
Hibernate: 
    select
        m1_0.team_id,
        m1_1.id,
        m1_1.password,
        m1_1.roles,
        m1_1.username 
    from
        team_members m1_0 
    join
        users m1_1 
            on m1_1.id=m1_0.member_id 
    where
        m1_0.team_id=?
]]></system-out>
  </testcase>
  <testcase name="testSaveExistingUser_emptyPassword_keepsOldPassword" classname="cz.uhk.kpro2.service.UserServiceImplTest" time="0.194">
    <system-out><![CDATA[2025-05-25T21:11:54.159+02:00 DEBUG 16236 --- [BasketballManager] [           main] org.hibernate.SQL                        : 
    select
        u1_0.id,
        u1_0.password,
        u1_0.roles,
        u1_0.username 
    from
        users u1_0 
    where
        u1_0.username=?
Hibernate: 
    select
        u1_0.id,
        u1_0.password,
        u1_0.roles,
        u1_0.username 
    from
        users u1_0 
    where
        u1_0.username=?
2025-05-25T21:11:54.160+02:00 DEBUG 16236 --- [BasketballManager] [           main] org.hibernate.SQL                        : 
    select
        u1_0.id,
        u1_0.password,
        u1_0.roles,
        u1_0.username 
    from
        users u1_0 
    where
        u1_0.username=?
Hibernate: 
    select
        u1_0.id,
        u1_0.password,
        u1_0.roles,
        u1_0.username 
    from
        users u1_0 
    where
        u1_0.username=?
2025-05-25T21:11:54.161+02:00 DEBUG 16236 --- [BasketballManager] [           main] org.hibernate.SQL                        : 
    select
        u1_0.id,
        u1_0.password,
        u1_0.roles,
        u1_0.username 
    from
        users u1_0 
    where
        u1_0.username=?
Hibernate: 
    select
        u1_0.id,
        u1_0.password,
        u1_0.roles,
        u1_0.username 
    from
        users u1_0 
    where
        u1_0.username=?
2025-05-25T21:11:54.223+02:00 DEBUG 16236 --- [BasketballManager] [           main] org.hibernate.SQL                        : 
    insert 
    into
        users
        (password, roles, username, id) 
    values
        (?, ?, ?, default)
Hibernate: 
    insert 
    into
        users
        (password, roles, username, id) 
    values
        (?, ?, ?, default)
2025-05-25T21:11:54.285+02:00 DEBUG 16236 --- [BasketballManager] [           main] org.hibernate.SQL                        : 
    insert 
    into
        users
        (password, roles, username, id) 
    values
        (?, ?, ?, default)
Hibernate: 
    insert 
    into
        users
        (password, roles, username, id) 
    values
        (?, ?, ?, default)
2025-05-25T21:11:54.347+02:00 DEBUG 16236 --- [BasketballManager] [           main] org.hibernate.SQL                        : 
    insert 
    into
        users
        (password, roles, username, id) 
    values
        (?, ?, ?, default)
Hibernate: 
    insert 
    into
        users
        (password, roles, username, id) 
    values
        (?, ?, ?, default)
2025-05-25T21:11:54.349+02:00 DEBUG 16236 --- [BasketballManager] [           main] org.hibernate.SQL                        : 
    select
        u1_0.id,
        u1_0.password,
        u1_0.roles,
        u1_0.username 
    from
        users u1_0 
    where
        u1_0.username=?
Hibernate: 
    select
        u1_0.id,
        u1_0.password,
        u1_0.roles,
        u1_0.username 
    from
        users u1_0 
    where
        u1_0.username=?
]]></system-out>
  </testcase>
</testsuite>